#
# A fatal error has been detected by the Java Runtime Environment:
#
#  EXCEPTION_ACCESS_VIOLATION (0xc0000005) at pc=0x000000e8249c89f1, pid=8172, tid=0x0000000000002140
#
# JRE version: Java(TM) SE Runtime Environment (8.0_102-b14) (build 1.8.0_102-b14)
# Java VM: Java HotSpot(TM) 64-Bit Server VM (25.102-b14 mixed mode windows-amd64 compressed oops)
# Problematic frame:
# C  0x000000e8249c89f1
#
# Failed to write core dump. Minidumps are not enabled by default on client versions of Windows
#
# If you would like to submit a bug report, please visit:
#   http://bugreport.java.com/bugreport/crash.jsp
# The crash happened outside the Java Virtual Machine in native code.
# See problematic frame for where to report the bug.
#

---------------  T H R E A D  ---------------

Current thread (0x0000000059458000):  JavaThread "JavaFX Application Thread" [_thread_in_native, id=8512, stack(0x000000005a090000,0x000000005a190000)]

siginfo: ExceptionCode=0xc0000005, ExceptionInformation=0x0000000000000008 0x000000e8249c89f1

Registers:
RAX=0x000000005a18a508, RBX=0x000000005a18b1a0, RCX=0x0000000059711780, RDX=0x000007feff255c48
RSP=0x000000005a18a4a8, RBP=0x000000005a18a9f8, RSI=0x0000000000000000, RDI=0x000000005a18a9e0
R8 =0x000000005a18b198, R9 =0x000007feec0d00e3, R10=0x000000005a18b190, R11=0x000000f800e30109
R12=0x0000000000000000, R13=0x0000000080004002, R14=0x0000000000000000, R15=0x0000000000000000
RIP=0x000000e8249c89f1, EFLAGS=0x0000000000010246

Top of Stack: (sp=0x000000005a18a4a8)
0x000000005a18a4a8:   000007fefdaf065b 0000000000000000
0x000000005a18a4b8:   0000000080004005 000007fefdc43290
0x000000005a18a4c8:   000000005a18a550 0000000000000000
0x000000005a18a4d8:   0000000000000000 0000000000000401
0x000000005a18a4e8:   0000000000000000 0000000000000000
0x000000005a18a4f8:   0000000000000000 000000005a18ae40
0x000000005a18a508:   000007fefdb0c600 000000005a18a560
0x000000005a18a518:   0000000000000001 0000000000000000
0x000000005a18a528:   000000005a18b190 0052005c00000001
0x000000005a18a538:   000000005a18af88 005c005900000000
0x000000005a18a548:   0000000000000000 000000005b80ac00
0x000000005a18a558:   00540046004f0053 000007fefdc6be80
0x000000005a18a568:   000007fefdc6bf08 000007fefdc6bf28
0x000000005a18a578:   0000033800000001 000000c000000000
0x000000005a18a588:   0000000046000000 0000000100000000
0x000000005a18a598:   0000000000000000 0000000400000000 

Instructions: (pc=0x000000e8249c89f1)
0x000000e8249c89d1:   
[error occurred during error reporting (printing registers, top of stack, instructions near pc), id 0xc0000005]

Register to memory mapping:

RAX=0x000000005a18a508 is pointing into the stack for thread: 0x0000000059458000
RBX=0x000000005a18b1a0 is pointing into the stack for thread: 0x0000000059458000
RCX=0x0000000059711780 is an unknown value
RDX=0x000007feff255c48 is an unknown value
RSP=0x000000005a18a4a8 is pointing into the stack for thread: 0x0000000059458000
RBP=0x000000005a18a9f8 is pointing into the stack for thread: 0x0000000059458000
RSI=0x0000000000000000 is an unknown value
RDI=0x000000005a18a9e0 is pointing into the stack for thread: 0x0000000059458000
R8 =0x000000005a18b198 is pointing into the stack for thread: 0x0000000059458000
R9 =0x000007feec0d00e3 is an unknown value
R10=0x000000005a18b190 is pointing into the stack for thread: 0x0000000059458000
R11=0x000000f800e30109 is an unknown value
R12=0x0000000000000000 is an unknown value
R13=0x0000000080004002 is an unknown value
R14=0x0000000000000000 is an unknown value
R15=0x0000000000000000 is an unknown value


Stack: [0x000000005a090000,0x000000005a190000],  sp=0x000000005a18a4a8,  free space=1001k
Native frames: (J=compiled Java code, j=interpreted, Vv=VM code, C=native code)
C  0x000000e8249c89f1

Java frames: (J=compiled Java code, j=interpreted, Vv=VM code)
j  com.sun.glass.ui.win.WinWindow._createWindow(JJI)J+0
j  com.sun.glass.ui.Window.<init>(Lcom/sun/glass/ui/Window;Lcom/sun/glass/ui/Screen;I)V+365
j  com.sun.glass.ui.win.WinWindow.<init>(Lcom/sun/glass/ui/Window;Lcom/sun/glass/ui/Screen;I)V+4
j  com.sun.glass.ui.win.WinApplication.createWindow(Lcom/sun/glass/ui/Window;Lcom/sun/glass/ui/Screen;I)Lcom/sun/glass/ui/Window;+7
j  com.sun.javafx.tk.quantum.WindowStage.initPlatformWindow()V+250
j  com.sun.javafx.tk.quantum.WindowStage.init(Lcom/sun/javafx/tk/quantum/GlassSystemMenu;)Lcom/sun/javafx/tk/quantum/WindowStage;+1
j  com.sun.javafx.tk.quantum.QuantumToolkit.createTKStage(Ljavafx/stage/Window;ZLjavafx/stage/StageStyle;ZLjavafx/stage/Modality;Lcom/sun/javafx/tk/TKStage;ZLjava/security/AccessControlContext;)Lcom/sun/javafx/tk/TKStage;+50
j  javafx.stage.Stage.impl_visibleChanging(Z)V+139
j  javafx.stage.Window$9.invalidated()V+80
j  javafx.beans.property.BooleanPropertyBase.markInvalid()V+13
j  javafx.beans.property.BooleanPropertyBase.set(Z)V+106
j  javafx.stage.Window.setShowing(Z)V+11
j  javafx.stage.Window.show()V+2
j  javafx.stage.Stage.show()V+1
j  Hospital.MainApp.initRootLayout()V+54
j  Hospital.MainApp.start(Ljavafx/stage/Stage;)V+15
j  com.sun.javafx.application.LauncherImpl.lambda$launchApplication1$162(Ljava/util/concurrent/atomic/AtomicBoolean;Ljavafx/application/Application;)V+20
j  com.sun.javafx.application.LauncherImpl$$Lambda$55.run()V+8
j  com.sun.javafx.application.PlatformImpl.lambda$runAndWait$175(Ljava/lang/Runnable;Ljava/util/concurrent/CountDownLatch;)V+1
j  com.sun.javafx.application.PlatformImpl$$Lambda$48.run()V+8
j  com.sun.javafx.application.PlatformImpl.lambda$null$173(Ljava/lang/Runnable;)Ljava/lang/Void;+1
j  com.sun.javafx.application.PlatformImpl$$Lambda$50.run()Ljava/lang/Object;+4
v  ~StubRoutines::call_stub
j  java.security.AccessController.doPrivileged(Ljava/security/PrivilegedAction;Ljava/security/AccessControlContext;)Ljava/lang/Object;+0
j  com.sun.javafx.application.PlatformImpl.lambda$runLater$174(Ljava/lang/Runnable;Ljava/security/AccessControlContext;)V+7
j  com.sun.javafx.application.PlatformImpl$$Lambda$49.run()V+8
j  com.sun.glass.ui.InvokeLaterDispatcher$Future.run()V+4
v  ~StubRoutines::call_stub
j  com.sun.glass.ui.win.WinApplication._runLoop(Ljava/lang/Runnable;)V+0
j  com.sun.glass.ui.win.WinApplication.lambda$null$148(ILjava/lang/Runnable;)V+8
j  com.sun.glass.ui.win.WinApplication$$Lambda$38.run()V+12
j  java.lang.Thread.run()V+11
v  ~StubRoutines::call_stub

---------------  P R O C E S S  ---------------

Java Threads: ( => current thread )
  0x0000000059509000 JavaThread "Thread-3" daemon [_thread_in_native, id=4492, stack(0x000000005b9a0000,0x000000005baa0000)]
  0x0000000059499000 JavaThread "JavaFX-Launcher" [_thread_blocked, id=4628, stack(0x000000005bb30000,0x000000005bc30000)]
=>0x0000000059458000 JavaThread "JavaFX Application Thread" [_thread_in_native, id=8512, stack(0x000000005a090000,0x000000005a190000)]
  0x0000000059453800 JavaThread "Thread-1" daemon [_thread_blocked, id=3024, stack(0x0000000059f90000,0x000000005a090000)]
  0x0000000058d3c000 JavaThread "QuantumRenderer-0" daemon [_thread_blocked, id=9080, stack(0x0000000059d00000,0x0000000059e00000)]
  0x00000000589b8800 JavaThread "Service Thread" daemon [_thread_blocked, id=5288, stack(0x0000000059110000,0x0000000059210000)]
  0x000000005894d800 JavaThread "C1 CompilerThread2" daemon [_thread_blocked, id=1548, stack(0x0000000058ff0000,0x00000000590f0000)]
  0x0000000058944800 JavaThread "C2 CompilerThread1" daemon [_thread_blocked, id=6588, stack(0x0000000058ec0000,0x0000000058fc0000)]
  0x0000000058943000 JavaThread "C2 CompilerThread0" daemon [_thread_blocked, id=7908, stack(0x0000000058740000,0x0000000058840000)]
  0x00000000572a6800 JavaThread "Attach Listener" daemon [_thread_blocked, id=5092, stack(0x0000000058840000,0x0000000058940000)]
  0x00000000572a3000 JavaThread "Signal Dispatcher" daemon [_thread_blocked, id=6560, stack(0x0000000058450000,0x0000000058550000)]
  0x0000000057284000 JavaThread "Finalizer" daemon [_thread_blocked, id=8076, stack(0x00000000585a0000,0x00000000586a0000)]
  0x0000000057242800 JavaThread "Reference Handler" daemon [_thread_blocked, id=3580, stack(0x0000000058310000,0x0000000058410000)]
  0x0000000001c8e800 JavaThread "main" [_thread_blocked, id=8956, stack(0x0000000002280000,0x0000000002380000)]

Other Threads:
  0x000000005723a800 VMThread [stack: 0x00000000581a0000,0x00000000582a0000] [id=1488]
  0x00000000589f9800 WatcherThread [stack: 0x00000000592e0000,0x00000000593e0000] [id=8144]

VM state:not at safepoint (normal execution)

VM Mutex/Monitor currently owned by a thread: None

Heap:
 PSYoungGen      total 38400K, used 19940K [0x00000000d5d00000, 0x00000000d8780000, 0x0000000100000000)
  eden space 33280K, 59% used [0x00000000d5d00000,0x00000000d7079390,0x00000000d7d80000)
  from space 5120K, 0% used [0x00000000d8280000,0x00000000d8280000,0x00000000d8780000)
  to   space 5120K, 0% used [0x00000000d7d80000,0x00000000d7d80000,0x00000000d8280000)
 ParOldGen       total 87552K, used 0K [0x0000000081600000, 0x0000000086b80000, 0x00000000d5d00000)
  object space 87552K, 0% used [0x0000000081600000,0x0000000081600000,0x0000000086b80000)
 Metaspace       used 11066K, capacity 11402K, committed 11648K, reserved 1058816K
  class space    used 1421K, capacity 1537K, committed 1664K, reserved 1048576K

Card table byte_map: [0x0000000011a10000,0x0000000011e10000] byte_map_base: 0x0000000011605000

Marking Bits: (ParMarkBitMap*) 0x000000007497a6c0
 Begin Bits: [0x0000000012560000, 0x0000000014508000)
 End Bits:   [0x0000000014508000, 0x00000000164b0000)

Polling page: 0x0000000000200000

CodeCache: size=245760Kb used=2745Kb max_used=2745Kb free=243014Kb
 bounds [0x0000000002650000, 0x0000000002910000, 0x0000000011650000]
 total_blobs=1153 nmethods=685 adapters=381
 compilation: enabled

Compilation events (10 events):
Event: 0.677 Thread 0x000000005894d800  680       1       java.util.zip.ZipEntry::getName (5 bytes)
Event: 0.677 Thread 0x000000005894d800 nmethod 680 0x00000000028ff610 code [0x00000000028ff760, 0x00000000028ff870]
Event: 0.677 Thread 0x000000005894d800  684       3       java.nio.charset.CharsetDecoder::implReset (1 bytes)
Event: 0.677 Thread 0x000000005894d800 nmethod 684 0x00000000028ff8d0 code [0x00000000028ffa20, 0x00000000028ffb70]
Event: 0.677 Thread 0x000000005894d800  683       3       java.util.Collections$UnmodifiableList::get (11 bytes)
Event: 0.677 Thread 0x000000005894d800 nmethod 683 0x00000000028ffbd0 code [0x00000000028ffd40, 0x00000000028fff68]
Event: 0.677 Thread 0x000000005894d800  681       1       java.lang.ThreadLocal::access$400 (5 bytes)
Event: 0.677 Thread 0x000000005894d800 nmethod 681 0x0000000002900010 code [0x0000000002900160, 0x0000000002900250]
Event: 1.344 Thread 0x000000005894d800  685       3       java.util.concurrent.atomic.AtomicBoolean::get (13 bytes)
Event: 1.344 Thread 0x000000005894d800 nmethod 685 0x00000000029002d0 code [0x0000000002900420, 0x00000000029005d0]

GC Heap History (0 events):
No events

Deoptimization events (4 events):
Event: 0.362 Thread 0x0000000001c8e800 Uncommon trap: reason=unstable_if action=reinterpret pc=0x00000000027f183c method=java.lang.String.replace(CC)Ljava/lang/String; @ 26
Event: 0.403 Thread 0x0000000059458000 Uncommon trap: reason=unstable_if action=reinterpret pc=0x000000000281f2e8 method=java.lang.String.indexOf([CII[CIII)I @ 134
Event: 0.408 Thread 0x0000000059458000 Uncommon trap: reason=unstable_if action=reinterpret pc=0x0000000002806afc method=java.lang.String.startsWith(Ljava/lang/String;I)Z @ 25
Event: 0.644 Thread 0x0000000059458000 Uncommon trap: reason=unstable_if action=reinterpret pc=0x00000000028c6344 method=java.util.HashMap.hash(Ljava/lang/Object;)I @ 1

Internal exceptions (10 events):
Event: 0.189 Thread 0x0000000001c8e800 Exception <a 'java/security/PrivilegedActionException'> (0x00000000d5fbd680) thrown at [C:\re\workspace\8-2-build-windows-amd64-cygwin\jdk8u102\7268\hotspot\src\share\vm\prims\jvm.cpp, line 1386]
Event: 0.189 Thread 0x0000000001c8e800 Exception <a 'java/security/PrivilegedActionException'> (0x00000000d5fbd890) thrown at [C:\re\workspace\8-2-build-windows-amd64-cygwin\jdk8u102\7268\hotspot\src\share\vm\prims\jvm.cpp, line 1386]
Event: 0.190 Thread 0x0000000001c8e800 Exception <a 'java/lang/NullPointerException'> (0x00000000d5fbde68) thrown at [C:\re\workspace\8-2-build-windows-amd64-cygwin\jdk8u102\7268\hotspot\src\share\vm\interpreter\linkResolver.cpp, line 1178]
Event: 0.466 Thread 0x0000000059458000 Exception <a 'java/lang/NullPointerException'> (0x00000000d69aa800) thrown at [C:\re\workspace\8-2-build-windows-amd64-cygwin\jdk8u102\7268\hotspot\src\share\vm\interpreter\linkResolver.cpp, line 1178]
Event: 0.467 Thread 0x0000000059458000 Exception <a 'java/lang/NullPointerException'> (0x00000000d69aa800) thrown at [C:\re\workspace\8-2-build-windows-amd64-cygwin\jdk8u102\7268\hotspot\src\share\vm\prims\jvm.cpp, line 1390]
Event: 0.589 Thread 0x0000000059458000 Exception <a 'java/lang/ArrayIndexOutOfBoundsException': 70> (0x00000000d6dae5b8) thrown at [C:\re\workspace\8-2-build-windows-amd64-cygwin\jdk8u102\7268\hotspot\src\share\vm\interpreter\interpreterRuntime.cpp, line 366]
Event: 0.590 Thread 0x0000000059458000 Exception <a 'java/lang/ArrayIndexOutOfBoundsException': 18> (0x00000000d6daf288) thrown at [C:\re\workspace\8-2-build-windows-amd64-cygwin\jdk8u102\7268\hotspot\src\share\vm\interpreter\interpreterRuntime.cpp, line 366]
Event: 0.590 Thread 0x0000000059458000 Exception <a 'java/lang/ArrayIndexOutOfBoundsException': 86> (0x00000000d6db0630) thrown at [C:\re\workspace\8-2-build-windows-amd64-cygwin\jdk8u102\7268\hotspot\src\share\vm\interpreter\interpreterRuntime.cpp, line 366]
Event: 0.591 Thread 0x0000000059458000 Exception <a 'java/lang/ArrayIndexOutOfBoundsException'> (0x00000000d6db2940) thrown at [C:\re\workspace\8-2-build-windows-amd64-cygwin\jdk8u102\7268\hotspot\src\share\vm\runtime\sharedRuntime.cpp, line 605]
Event: 0.644 Thread 0x0000000059458000 Implicit null exception at 0x00000000028c6125 to 0x00000000028c6335

Events (10 events):
Event: 0.671 loading class java/util/Properties$LineReader
Event: 0.671 loading class java/util/Properties$LineReader done
Event: 0.671 loading class com/sun/javafx/tk/quantum/QuantumMessagesBundle_sv
Event: 0.671 loading class com/sun/javafx/tk/quantum/QuantumMessagesBundle_sv done
Event: 0.672 loading class com/sun/javafx/tk/quantum/QuantumMessagesBundle_sv_SE
Event: 0.672 loading class com/sun/javafx/tk/quantum/QuantumMessagesBundle_sv_SE done
Event: 0.674 loading class com/sun/javafx/tk/quantum/WindowStage$1
Event: 0.674 loading class com/sun/javafx/tk/quantum/WindowStage$1 done
Event: 0.675 loading class com/sun/javafx/tk/FocusCause
Event: 0.675 loading class com/sun/javafx/tk/FocusCause done


Dynamic libraries:
0x000000013f5d0000 - 0x000000013f607000 	C:\Program Files\Java\jre1.8.0_102\bin\javaw.exe
0x00000000779a0000 - 0x0000000077b4a000 	C:\Windows\SYSTEM32\ntdll.dll
0x0000000077880000 - 0x000000007799f000 	C:\Windows\system32\kernel32.dll
0x000007fefd6b0000 - 0x000007fefd71a000 	C:\Windows\system32\KERNELBASE.dll
0x000007fefe3b0000 - 0x000007fefe48b000 	C:\Windows\system32\ADVAPI32.dll
0x000007fefe280000 - 0x000007fefe31f000 	C:\Windows\system32\msvcrt.dll
0x000007fefdf00000 - 0x000007fefdf1f000 	C:\Windows\SYSTEM32\sechost.dll
0x000007fefdfa0000 - 0x000007fefe0cd000 	C:\Windows\system32\RPCRT4.dll
0x0000000077780000 - 0x000000007787a000 	C:\Windows\system32\USER32.dll
0x000007fefda50000 - 0x000007fefdab7000 	C:\Windows\system32\GDI32.dll
0x000007feffca0000 - 0x000007feffcae000 	C:\Windows\system32\LPK.dll
0x000007fefed50000 - 0x000007fefee1b000 	C:\Windows\system32\USP10.dll
0x000007fefc080000 - 0x000007fefc274000 	C:\Windows\WinSxS\amd64_microsoft.windows.common-controls_6595b64144ccf1df_6.0.7601.18837_none_fa3b1e3d17594757\COMCTL32.dll
0x000007feffbd0000 - 0x000007feffc41000 	C:\Windows\system32\SHLWAPI.dll
0x000007fefe320000 - 0x000007fefe34e000 	C:\Windows\system32\IMM32.DLL
0x000007fefe0d0000 - 0x000007fefe1d9000 	C:\Windows\system32\MSCTF.dll
0x0000000071c80000 - 0x0000000071d51000 	C:\Program Files\Java\jre1.8.0_102\bin\msvcr100.dll
0x0000000074160000 - 0x00000000749fa000 	C:\Program Files\Java\jre1.8.0_102\bin\server\jvm.dll
0x000007fef4a80000 - 0x000007fef4a89000 	C:\Windows\system32\WSOCK32.dll
0x000007feffc50000 - 0x000007feffc9d000 	C:\Windows\system32\WS2_32.dll
0x000007fefdcc0000 - 0x000007fefdcc8000 	C:\Windows\system32\NSI.dll
0x000007fefbaf0000 - 0x000007fefbb2b000 	C:\Windows\system32\WINMM.dll
0x000007fefc770000 - 0x000007fefc77c000 	C:\Windows\system32\VERSION.dll
0x0000000077b70000 - 0x0000000077b77000 	C:\Windows\system32\PSAPI.DLL
0x0000000074070000 - 0x000000007407f000 	C:\Program Files\Java\jre1.8.0_102\bin\verify.dll
0x0000000074040000 - 0x0000000074069000 	C:\Program Files\Java\jre1.8.0_102\bin\java.dll
0x0000000074020000 - 0x0000000074036000 	C:\Program Files\Java\jre1.8.0_102\bin\zip.dll
0x000007fefee20000 - 0x000007feffbaa000 	C:\Windows\system32\SHELL32.dll
0x000007fefdac0000 - 0x000007fefdcbc000 	C:\Windows\system32\ole32.dll
0x000007fefd690000 - 0x000007fefd69f000 	C:\Windows\system32\profapi.dll
0x000007fefa990000 - 0x000007fefaa7f000 	C:\Program Files\Java\jre1.8.0_102\bin\msvcr120.dll
0x000007fefa310000 - 0x000007fefa3b6000 	C:\Program Files\Java\jre1.8.0_102\bin\msvcp120.dll
0x0000000072f00000 - 0x0000000072f22000 	C:\Program Files\Java\jre1.8.0_102\bin\prism_d3d.dll
0x000007fed2220000 - 0x000007fed241f000 	C:\Windows\system32\d3d9.dll
0x000007fefbf80000 - 0x000007fefbf87000 	C:\Windows\system32\d3d8thk.dll
0x000007fefbba0000 - 0x000007fefbbb8000 	C:\Windows\system32\dwmapi.dll
0x000007fefbbc0000 - 0x000007fefbc16000 	C:\Windows\system32\uxtheme.dll
0x000007fecfc90000 - 0x000007fed1437000 	C:\Windows\system32\igdumdim64.dll
0x0000000071c30000 - 0x0000000071c73000 	C:\Program Files\Java\jre1.8.0_102\bin\glass.dll
0x000007fefde60000 - 0x000007fefdef7000 	C:\Windows\system32\COMDLG32.dll
0x000007fefe490000 - 0x000007fefe56a000 	C:\Windows\system32\OLEAUT32.dll
0x000007fefd4f0000 - 0x000007fefd4ff000 	C:\Windows\system32\CRYPTBASE.dll
0x000007fecf2b0000 - 0x000007fecfc8d000 	C:\Windows\system32\igdusc64.dll
0x0000000072ee0000 - 0x0000000072ef4000 	C:\Program Files\Java\jre1.8.0_102\bin\javafx_font.dll
0x000007fed61f0000 - 0x000007fed6387000 	C:\Windows\system32\dwrite.dll
0x000007fefe1e0000 - 0x000007fefe279000 	C:\Windows\system32\CLBCatQ.DLL
0x000007fefb650000 - 0x000007fefb7b1000 	C:\Windows\system32\WindowsCodecs.dll
0x000007fefd490000 - 0x000007fefd4e7000 	C:\Windows\system32\apphelp.dll
0x000007fef03d0000 - 0x000007fef0562000 	C:\Users\Niclas Hammar\AppData\Local\Microsoft\OneDrive\17.3.6281.1202\amd64\FileSyncShell64.dll
0x000007fefe570000 - 0x000007fefe891000 	C:\Windows\system32\WININET.dll
0x000007fefd730000 - 0x000007fefd734000 	C:\Windows\system32\api-ms-win-downlevel-user32-l1-1-0.dll
0x000007fefd7b0000 - 0x000007fefd7b4000 	C:\Windows\system32\api-ms-win-downlevel-shlwapi-l1-1-0.dll
0x000007fefd740000 - 0x000007fefd744000 	C:\Windows\system32\api-ms-win-downlevel-version-l1-1-0.dll
0x000007fefd980000 - 0x000007fefd983000 	C:\Windows\system32\api-ms-win-downlevel-normaliz-l1-1-0.dll
0x0000000077b60000 - 0x0000000077b63000 	C:\Windows\system32\normaliz.DLL
0x000007fefe8a0000 - 0x000007fefeb6a000 	C:\Windows\system32\iertutil.dll
0x000007fefd970000 - 0x000007fefd975000 	C:\Windows\system32\api-ms-win-downlevel-advapi32-l1-1-0.dll
0x000007fefd790000 - 0x000007fefd7ae000 	C:\Windows\system32\USERENV.dll
0x000007feeff30000 - 0x000007fef022c000 	C:\Program Files (x86)\Microsoft Office\root\VFS\ProgramFilesX64\Microsoft Office\Office16\GROOVEEX.DLL
0x000007feeff10000 - 0x000007feeff26000 	C:\Windows\system32\VCRUNTIME140.dll
0x000007feeff00000 - 0x000007feeff04000 	C:\Windows\system32\api-ms-win-crt-runtime-l1-1-0.dll
0x000007feefe00000 - 0x000007feefef4000 	C:\Windows\system32\ucrtbase.DLL
0x000007feefdf0000 - 0x000007feefdf3000 	C:\Windows\system32\api-ms-win-core-timezone-l1-1-0.dll
0x000007feefde0000 - 0x000007feefde3000 	C:\Windows\system32\api-ms-win-core-file-l2-1-0.dll
0x000007feefdd0000 - 0x000007feefdd3000 	C:\Windows\system32\api-ms-win-core-localization-l1-2-0.dll
0x000007fef4b00000 - 0x000007fef4b03000 	C:\Windows\system32\api-ms-win-core-synch-l1-2-0.dll
0x000007feefdc0000 - 0x000007feefdc3000 	C:\Windows\system32\api-ms-win-core-processthreads-l1-1-1.dll
0x000007feefdb0000 - 0x000007feefdb3000 	C:\Windows\system32\api-ms-win-core-file-l1-2-0.dll
0x000007feefda0000 - 0x000007feefda4000 	C:\Windows\system32\api-ms-win-crt-string-l1-1-0.dll
0x000007feefd90000 - 0x000007feefd93000 	C:\Windows\system32\api-ms-win-crt-heap-l1-1-0.dll
0x000007feefd80000 - 0x000007feefd84000 	C:\Windows\system32\api-ms-win-crt-stdio-l1-1-0.dll
0x000007feefd70000 - 0x000007feefd74000 	C:\Windows\system32\api-ms-win-crt-convert-l1-1-0.dll
0x000007feefcd0000 - 0x000007feefd6c000 	C:\Windows\system32\MSVCP140.dll
0x000007feefcc0000 - 0x000007feefcc3000 	C:\Windows\system32\api-ms-win-crt-locale-l1-1-0.dll
0x000007feefcb0000 - 0x000007feefcb5000 	C:\Windows\system32\api-ms-win-crt-math-l1-1-0.dll
0x000007feeed80000 - 0x000007feeed85000 	C:\Windows\system32\api-ms-win-crt-multibyte-l1-1-0.dll
0x000007feeed70000 - 0x000007feeed73000 	C:\Windows\system32\api-ms-win-crt-time-l1-1-0.dll
0x000007feeed60000 - 0x000007feeed63000 	C:\Windows\system32\api-ms-win-crt-filesystem-l1-1-0.dll
0x000007feeed50000 - 0x000007feeed53000 	C:\Windows\system32\api-ms-win-crt-environment-l1-1-0.dll
0x000007feeed40000 - 0x000007feeed43000 	C:\Windows\system32\api-ms-win-crt-utility-l1-1-0.dll
0x000007fef67d0000 - 0x000007fef6aee000 	C:\Windows\system32\msi.dll
0x000007feed0e0000 - 0x000007feed967000 	C:\Program Files (x86)\Microsoft Office\root\VFS\ProgramFilesX64\Microsoft Office\Office16\1053\GrooveIntlResource.dll
0x000007feec040000 - 0x000007feec10e000 	C:\Program Files (x86)\Dell Backup and Recovery\Components\Shell\DBROverlayIconBackuped.dll
0x00000000729b0000 - 0x0000000072ec0000 	C:\Program Files (x86)\Dell Backup and Recovery\Components\Shell\Qt5Core.dll
0x0000000073000000 - 0x0000000073098000 	C:\Program Files (x86)\Dell Backup and Recovery\Components\Shell\MSVCP100.dll
0x000007fef3f30000 - 0x000007fef4055000 	C:\Windows\system32\dbghelp.dll

VM Arguments:
jvm_args: -Dfile.encoding=Cp1252 
java_command: Hospital.MainApp
java_class_path (initial): C:\Users\Niclas Hammar\workspace\HospitalManagement\bin;C:\Program Files (x86)\MySQL\Connector.J 5.1\mysql-connector-java-5.1.42-bin.jar;C:\Program Files\Java\jdk1.8.0_102\db\lib\derbyLocale_cs.jar;C:\Program Files\Java\jdk1.8.0_102\db\lib\derbyLocale_de_DE.jar;C:\Program Files\Java\jdk1.8.0_102\db\lib\derbyLocale_es.jar;C:\Program Files\Java\jdk1.8.0_102\db\lib\derbyLocale_fr.jar;C:\Program Files\Java\jdk1.8.0_102\db\lib\derbyLocale_hu.jar;C:\Program Files\Java\jdk1.8.0_102\db\lib\derbyLocale_it.jar;C:\Program Files\Java\jdk1.8.0_102\db\lib\derbyLocale_ja_JP.jar;C:\Program Files\Java\jdk1.8.0_102\db\lib\derbyLocale_ko_KR.jar;C:\Program Files\Java\jdk1.8.0_102\db\lib\derbyLocale_pl.jar;C:\Program Files\Java\jdk1.8.0_102\db\lib\derbyLocale_pt_BR.jar;C:\Program Files\Java\jdk1.8.0_102\db\lib\derbyLocale_ru.jar;C:\Program Files\Java\jdk1.8.0_102\db\lib\derbyLocale_zh_CN.jar;C:\Program Files\Java\jdk1.8.0_102\db\lib\derbyLocale_zh_TW.jar;C:\Program Files\Java\jdk1.8.0_102\db\lib\derby.jar
Launcher Type: SUN_STANDARD

Environment Variables:
PATH=C:/Program Files/Java/jre1.8.0_102/bin/server;C:/Program Files/Java/jre1.8.0_102/bin;C:/Program Files/Java/jre1.8.0_102/lib/amd64;C:\ProgramData\Oracle\Java\javapath;C:\Program Files (x86)\Intel\iCLS Client\;C:\Program Files\Intel\iCLS Client\;C:\Windows\system32;C:\Windows;C:\Windows\System32\Wbem;C:\Windows\System32\WindowsPowerShell\v1.0\;C:\Program Files\Intel\Intel(R) Management Engine Components\DAL;C:\Program Files (x86)\Intel\Intel(R) Management Engine Components\DAL;C:\Program Files\Intel\Intel(R) Management Engine Components\IPT;C:\Program Files (x86)\Intel\Intel(R) Management Engine Components\IPT;C:\Program Files\Intel\WiFi\bin\;C:\Program Files\Common Files\Intel\WirelessCommon\;C:\Program Files\Git\cmd;C:\Program Files (x86)\Skype\Phone\;C:\Windows\system32\config\systemprofile\.dnx\bin;C:\Program Files\Microsoft DNX\Dnvm\;C:\Program Files\Microsoft SQL Server\130\Tools\Binn\;C:\Program Files\MySQL\MySQL Utilities 1.6\;C:\Users\Niclas Hammar\Desktop;
USERNAME=Niclas Hammar
OS=Windows_NT
PROCESSOR_IDENTIFIER=Intel64 Family 6 Model 61 Stepping 4, GenuineIntel



---------------  S Y S T E M  ---------------

OS: Windows 7 , 64 bit Build 7601 (6.1.7601.23889)

CPU:total 4 (2 cores per cpu, 2 threads per core) family 6 model 61 stepping 4, cmov, cx8, fxsr, mmx, sse, sse2, sse3, ssse3, sse4.1, sse4.2, popcnt, avx, avx2, aes, clmul, erms, 3dnowpref, lzcnt, ht, tsc, tscinvbit, bmi1, bmi2, adx

Memory: 4k page, physical 8297192k(3761380k free), swap 16592524k(11489372k free)

vm_info: Java HotSpot(TM) 64-Bit Server VM (25.102-b14) for windows-amd64 JRE (1.8.0_102-b14), built on Jun 22 2016 13:15:21 by "java_re" with MS VC++ 10.0 (VS2010)

time: Tue Oct 17 12:04:23 2017
elapsed time: 2 seconds (0d 0h 0m 2s)

