#
# A fatal error has been detected by the Java Runtime Environment:
#
#  EXCEPTION_ACCESS_VIOLATION (0xc0000005) at pc=0x000007feff5b0658, pid=3668, tid=0x0000000000001eb4
#
# JRE version: Java(TM) SE Runtime Environment (8.0_102-b14) (build 1.8.0_102-b14)
# Java VM: Java HotSpot(TM) 64-Bit Server VM (25.102-b14 mixed mode windows-amd64 compressed oops)
# Problematic frame:
# C  [ole32.dll+0x30658]
#
# Failed to write core dump. Minidumps are not enabled by default on client versions of Windows
#
# If you would like to submit a bug report, please visit:
#   http://bugreport.java.com/bugreport/crash.jsp
# The crash happened outside the Java Virtual Machine in native code.
# See problematic frame for where to report the bug.
#

---------------  T H R E A D  ---------------

Current thread (0x0000000059851000):  JavaThread "JavaFX Application Thread" [_thread_in_native, id=7860, stack(0x000000005a590000,0x000000005a690000)]

siginfo: ExceptionCode=0xc0000005, reading address 0xffffffffffffffff

Registers:
RAX=0x000000005a689f48, RBX=0x000000005a68abe0, RCX=0x0000000059a66090, RDX=0x000007fefe365c48
RSP=0x000000005a689ef0, RBP=0x000000005a68a438, RSI=0x0000000000000000, RDI=0x000000005a68a420
R8 =0x000000005a68abd8, R9 =0x000007feeef80251, R10=0x000000005a68abd0, R11=0x0d00b8300251008f
R12=0x0000000000000000, R13=0x0000000080004002, R14=0x0000000000000000, R15=0x0000000000000000
RIP=0x000007feff5b0658, EFLAGS=0x0000000000010246

Top of Stack: (sp=0x000000005a689ef0)
0x000000005a689ef0:   0000000000000000 0000000080004005
0x000000005a689f00:   000007feff703290 000000005a689f90
0x000000005a689f10:   0000000000000000 0000000000000000
0x000000005a689f20:   0000000000000401 0000000000000000
0x000000005a689f30:   0000000000000000 0000000000000000
0x000000005a689f40:   000000005a68a880 000007feff5cc600
0x000000005a689f50:   000000005a689fa0 0000000000000001
0x000000005a689f60:   0000000000000000 000000005a68abd0
0x000000005a689f70:   0052005c00000001 000000005a68a9c8
0x000000005a689f80:   005c005900000000 0000000000000000
0x000000005a689f90:   00000000003f92a0 00540046004f0053
0x000000005a689fa0:   000007feff72be80 000007feff72bf08
0x000000005a689fb0:   000007feff72bf28 0000033800000001
0x000000005a689fc0:   000000c000000000 0000000046000000
0x000000005a689fd0:   0000000100000000 0000000000000000
0x000000005a689fe0:   0000000400000000 0000000000000000 

Instructions: (pc=0x000007feff5b0658)
0x000007feff5b0638:   bf 4c 01 00 00 00 0f 85 a6 1f 03 00 48 8b 4d 38
0x000007feff5b0648:   48 8d 14 76 4c 8b 09 4d 8d 44 d2 08 48 8b 53 f0
0x000007feff5b0658:   41 ff 11 89 03 eb 00 4c 8b 54 24 78 8b 54 24 68
0x000007feff5b0668:   45 85 ed 74 03 44 8b 2b ff c6 49 83 c7 04 49 83 


Register to memory mapping:

RAX=0x000000005a689f48 is pointing into the stack for thread: 0x0000000059851000
RBX=0x000000005a68abe0 is pointing into the stack for thread: 0x0000000059851000
RCX=0x0000000059a66090 is an unknown value
RDX=0x000007fefe365c48 is an unknown value
RSP=0x000000005a689ef0 is pointing into the stack for thread: 0x0000000059851000
RBP=0x000000005a68a438 is pointing into the stack for thread: 0x0000000059851000
RSI=0x0000000000000000 is an unknown value
RDI=0x000000005a68a420 is pointing into the stack for thread: 0x0000000059851000
R8 =0x000000005a68abd8 is pointing into the stack for thread: 0x0000000059851000
R9 =0x000007feeef80251 is an unknown value
R10=0x000000005a68abd0 is pointing into the stack for thread: 0x0000000059851000
R11=0x0d00b8300251008f is an unknown value
R12=0x0000000000000000 is an unknown value
R13=0x0000000080004002 is an unknown value
R14=0x0000000000000000 is an unknown value
R15=0x0000000000000000 is an unknown value


Stack: [0x000000005a590000,0x000000005a690000],  sp=0x000000005a689ef0,  free space=999k
Native frames: (J=compiled Java code, j=interpreted, Vv=VM code, C=native code)
C  [ole32.dll+0x30658]
C  [ole32.dll+0x4c600]
C  [ole32.dll+0xd18a]
C  [ole32.dll+0xd210]
C  [ole32.dll+0x2468f]
C  [SHELL32.dll+0x85075]
C  [SHELL32.dll+0x6a770]
C  [SHELL32.dll+0x4dca5]
C  [SHELL32.dll+0x25bcc]
C  [SHELL32.dll+0x25a70]
C  [SHELL32.dll+0x259c0]
C  [SHELL32.dll+0x4248f]
C  [SHELL32.dll+0x27f48]
C  [SHELL32.dll+0x1b1f9b]
C  [SHELL32.dll+0x6b525]
C  [SHELL32.dll+0xa2d1e]
C  [ole32.dll+0x11673]
C  [ole32.dll+0x10c1a]
C  [ole32.dll+0x10a70]
C  [ole32.dll+0x109c2]
C  [ole32.dll+0x31313]
C  [ole32.dll+0x31297]
C  [ole32.dll+0x11457]
C  [ole32.dll+0x10c1a]
C  [ole32.dll+0x10b83]
C  [ole32.dll+0x10c1a]
C  [ole32.dll+0x11301]
C  [ole32.dll+0xd18a]
C  [ole32.dll+0xd210]
C  [ole32.dll+0x2468f]
C  [glass.dll+0x146f3]
C  [glass.dll+0x20cf0]
C  [glass.dll+0x19ec3]
C  [glass.dll+0x1c34e]
C  [glass.dll+0x19f6e]
C  [glass.dll+0xa1f5]
C  [glass.dll+0x17e8]
C  [USER32.dll+0x19bbd]
C  [USER32.dll+0x16a5c]
C  [USER32.dll+0x16b61]
C  [glass.dll+0x1c535]
C  0x0000000002807f34

Java frames: (J=compiled Java code, j=interpreted, Vv=VM code)
j  com.sun.glass.ui.win.WinWindow._createWindow(JJI)J+0
j  com.sun.glass.ui.Window.<init>(Lcom/sun/glass/ui/Window;Lcom/sun/glass/ui/Screen;I)V+365
j  com.sun.glass.ui.win.WinWindow.<init>(Lcom/sun/glass/ui/Window;Lcom/sun/glass/ui/Screen;I)V+4
j  com.sun.glass.ui.win.WinApplication.createWindow(Lcom/sun/glass/ui/Window;Lcom/sun/glass/ui/Screen;I)Lcom/sun/glass/ui/Window;+7
j  com.sun.javafx.tk.quantum.WindowStage.initPlatformWindow()V+250
j  com.sun.javafx.tk.quantum.WindowStage.init(Lcom/sun/javafx/tk/quantum/GlassSystemMenu;)Lcom/sun/javafx/tk/quantum/WindowStage;+1
j  com.sun.javafx.tk.quantum.QuantumToolkit.createTKStage(Ljavafx/stage/Window;ZLjavafx/stage/StageStyle;ZLjavafx/stage/Modality;Lcom/sun/javafx/tk/TKStage;ZLjava/security/AccessControlContext;)Lcom/sun/javafx/tk/TKStage;+50
j  javafx.stage.Stage.impl_visibleChanging(Z)V+139
j  javafx.stage.Window$9.invalidated()V+80
j  javafx.beans.property.BooleanPropertyBase.markInvalid()V+13
j  javafx.beans.property.BooleanPropertyBase.set(Z)V+106
j  javafx.stage.Window.setShowing(Z)V+11
j  javafx.stage.Window.show()V+2
j  javafx.stage.Stage.show()V+1
j  Hospital.MainApp.initRootLayout()V+67
j  Hospital.MainApp.start(Ljavafx/stage/Stage;)V+15
j  com.sun.javafx.application.LauncherImpl.lambda$launchApplication1$162(Ljava/util/concurrent/atomic/AtomicBoolean;Ljavafx/application/Application;)V+20
j  com.sun.javafx.application.LauncherImpl$$Lambda$55.run()V+8
j  com.sun.javafx.application.PlatformImpl.lambda$runAndWait$175(Ljava/lang/Runnable;Ljava/util/concurrent/CountDownLatch;)V+1
j  com.sun.javafx.application.PlatformImpl$$Lambda$47.run()V+8
j  com.sun.javafx.application.PlatformImpl.lambda$null$173(Ljava/lang/Runnable;)Ljava/lang/Void;+1
j  com.sun.javafx.application.PlatformImpl$$Lambda$50.run()Ljava/lang/Object;+4
v  ~StubRoutines::call_stub
j  java.security.AccessController.doPrivileged(Ljava/security/PrivilegedAction;Ljava/security/AccessControlContext;)Ljava/lang/Object;+0
j  com.sun.javafx.application.PlatformImpl.lambda$runLater$174(Ljava/lang/Runnable;Ljava/security/AccessControlContext;)V+7
j  com.sun.javafx.application.PlatformImpl$$Lambda$49.run()V+8
j  com.sun.glass.ui.InvokeLaterDispatcher$Future.run()V+4
v  ~StubRoutines::call_stub
j  com.sun.glass.ui.win.WinApplication._runLoop(Ljava/lang/Runnable;)V+0
j  com.sun.glass.ui.win.WinApplication.lambda$null$148(ILjava/lang/Runnable;)V+8
j  com.sun.glass.ui.win.WinApplication$$Lambda$38.run()V+12
j  java.lang.Thread.run()V+11
v  ~StubRoutines::call_stub

---------------  P R O C E S S  ---------------

Java Threads: ( => current thread )
  0x000000005987d000 JavaThread "Thread-3" daemon [_thread_in_native, id=9180, stack(0x000000005c0e0000,0x000000005c1e0000)]
  0x00000000598dd000 JavaThread "JavaFX-Launcher" [_thread_blocked, id=8240, stack(0x000000005c200000,0x000000005c300000)]
=>0x0000000059851000 JavaThread "JavaFX Application Thread" [_thread_in_native, id=7860, stack(0x000000005a590000,0x000000005a690000)]
  0x000000005948f800 JavaThread "Thread-1" daemon [_thread_blocked, id=4316, stack(0x000000005a3f0000,0x000000005a4f0000)]
  0x000000005947b800 JavaThread "QuantumRenderer-0" daemon [_thread_blocked, id=7888, stack(0x000000005a0f0000,0x000000005a1f0000)]
  0x0000000059123800 JavaThread "Service Thread" daemon [_thread_blocked, id=7980, stack(0x0000000058cc0000,0x0000000058dc0000)]
  0x00000000590a1000 JavaThread "C1 CompilerThread2" daemon [_thread_blocked, id=4020, stack(0x0000000058970000,0x0000000058a70000)]
  0x00000000590a0800 JavaThread "C2 CompilerThread1" daemon [_thread_blocked, id=8768, stack(0x00000000594e0000,0x00000000595e0000)]
  0x000000005777c000 JavaThread "C2 CompilerThread0" daemon [_thread_blocked, id=8700, stack(0x0000000058fa0000,0x00000000590a0000)]
  0x0000000057774800 JavaThread "Attach Listener" daemon [_thread_blocked, id=8012, stack(0x0000000058dd0000,0x0000000058ed0000)]
  0x0000000057771800 JavaThread "Signal Dispatcher" daemon [_thread_blocked, id=1920, stack(0x0000000058bb0000,0x0000000058cb0000)]
  0x0000000057759800 JavaThread "Finalizer" daemon [_thread_blocked, id=5568, stack(0x0000000058a70000,0x0000000058b70000)]
  0x0000000057712800 JavaThread "Reference Handler" daemon [_thread_blocked, id=4892, stack(0x0000000058710000,0x0000000058810000)]
  0x000000000210e800 JavaThread "main" [_thread_blocked, id=8808, stack(0x0000000002420000,0x0000000002520000)]

Other Threads:
  0x000000005770a800 VMThread [stack: 0x0000000058850000,0x0000000058950000] [id=2116]
  0x000000005914b800 WatcherThread [stack: 0x0000000059700000,0x0000000059800000] [id=8620]

VM state:not at safepoint (normal execution)

VM Mutex/Monitor currently owned by a thread: None

Heap:
 PSYoungGen      total 38400K, used 20789K [0x00000000d5d00000, 0x00000000d8780000, 0x0000000100000000)
  eden space 33280K, 62% used [0x00000000d5d00000,0x00000000d714d4c0,0x00000000d7d80000)
  from space 5120K, 0% used [0x00000000d8280000,0x00000000d8280000,0x00000000d8780000)
  to   space 5120K, 0% used [0x00000000d7d80000,0x00000000d7d80000,0x00000000d8280000)
 ParOldGen       total 87552K, used 0K [0x0000000081600000, 0x0000000086b80000, 0x00000000d5d00000)
  object space 87552K, 0% used [0x0000000081600000,0x0000000081600000,0x0000000086b80000)
 Metaspace       used 11004K, capacity 11444K, committed 11648K, reserved 1058816K
  class space    used 1437K, capacity 1586K, committed 1664K, reserved 1048576K

Card table byte_map: [0x0000000011bb0000,0x0000000011fb0000] byte_map_base: 0x00000000117a5000

Marking Bits: (ParMarkBitMap*) 0x000000006ba1a6c0
 Begin Bits: [0x00000000128e0000, 0x0000000014888000)
 End Bits:   [0x0000000014888000, 0x0000000016830000)

Polling page: 0x0000000000240000

CodeCache: size=245760Kb used=2859Kb max_used=2859Kb free=242900Kb
 bounds [0x00000000027f0000, 0x0000000002ac0000, 0x00000000117f0000]
 total_blobs=1183 nmethods=723 adapters=373
 compilation: enabled

Compilation events (10 events):
Event: 0.579 Thread 0x00000000590a1000  715       1       java.util.zip.ZipFile::access$300 (5 bytes)
Event: 0.579 Thread 0x00000000590a1000 nmethod 715 0x0000000002ab1b90 code [0x0000000002ab1ce0, 0x0000000002ab1dd0]
Event: 0.579 Thread 0x00000000590a1000  717       3       java.nio.charset.CharsetDecoder::reset (11 bytes)
Event: 0.579 Thread 0x00000000590a1000 nmethod 717 0x0000000002ab1710 code [0x0000000002ab1860, 0x0000000002ab1a90]
Event: 0.579 Thread 0x00000000590a1000  721       3       java.nio.charset.CharsetDecoder::implReset (1 bytes)
Event: 0.579 Thread 0x00000000590a1000 nmethod 721 0x0000000002ab4dd0 code [0x0000000002ab4f20, 0x0000000002ab5070]
Event: 0.579 Thread 0x00000000590a1000  718       1       java.util.zip.ZipEntry::getName (5 bytes)
Event: 0.579 Thread 0x00000000590a1000 nmethod 718 0x0000000002ab4b10 code [0x0000000002ab4c60, 0x0000000002ab4d70]
Event: 1.279 Thread 0x00000000590a1000  723       3       java.util.concurrent.atomic.AtomicBoolean::get (13 bytes)
Event: 1.279 Thread 0x00000000590a1000 nmethod 723 0x0000000002ab4790 code [0x0000000002ab48e0, 0x0000000002ab4a90]

GC Heap History (0 events):
No events

Deoptimization events (6 events):
Event: 0.309 Thread 0x000000000210e800 Uncommon trap: reason=unstable_if action=reinterpret pc=0x0000000002992f7c method=java.lang.String.replace(CC)Ljava/lang/String; @ 26
Event: 0.343 Thread 0x0000000059851000 Uncommon trap: reason=unstable_if action=reinterpret pc=0x00000000029c0828 method=java.lang.String.indexOf([CII[CIII)I @ 134
Event: 0.347 Thread 0x0000000059851000 Uncommon trap: reason=unstable_if action=reinterpret pc=0x00000000029a813c method=java.lang.String.startsWith(Ljava/lang/String;I)Z @ 25
Event: 0.437 Thread 0x0000000059851000 Uncommon trap: reason=unstable_if action=reinterpret pc=0x0000000002a35a1c method=java.io.BufferedInputStream.read()I @ 8
Event: 0.450 Thread 0x0000000059851000 Uncommon trap: reason=unstable_if action=reinterpret pc=0x0000000002a3f9f0 method=java.util.HashMap.getNode(ILjava/lang/Object;)Ljava/util/HashMap$Node; @ 84
Event: 0.531 Thread 0x0000000059851000 Uncommon trap: reason=unstable_if action=reinterpret pc=0x0000000002a59888 method=java.util.HashMap.hash(Ljava/lang/Object;)I @ 1

Internal exceptions (10 events):
Event: 0.175 Thread 0x000000000210e800 Exception <a 'java/security/PrivilegedActionException'> (0x00000000d5fbd6e8) thrown at [C:\re\workspace\8-2-build-windows-amd64-cygwin\jdk8u102\7268\hotspot\src\share\vm\prims\jvm.cpp, line 1386]
Event: 0.175 Thread 0x000000000210e800 Exception <a 'java/security/PrivilegedActionException'> (0x00000000d5fbd8f8) thrown at [C:\re\workspace\8-2-build-windows-amd64-cygwin\jdk8u102\7268\hotspot\src\share\vm\prims\jvm.cpp, line 1386]
Event: 0.175 Thread 0x000000000210e800 Exception <a 'java/lang/NullPointerException'> (0x00000000d5fbded0) thrown at [C:\re\workspace\8-2-build-windows-amd64-cygwin\jdk8u102\7268\hotspot\src\share\vm\interpreter\linkResolver.cpp, line 1178]
Event: 0.399 Thread 0x0000000059851000 Exception <a 'java/lang/NullPointerException'> (0x00000000d69ac370) thrown at [C:\re\workspace\8-2-build-windows-amd64-cygwin\jdk8u102\7268\hotspot\src\share\vm\interpreter\linkResolver.cpp, line 1178]
Event: 0.399 Thread 0x0000000059851000 Exception <a 'java/lang/NullPointerException'> (0x00000000d69ac370) thrown at [C:\re\workspace\8-2-build-windows-amd64-cygwin\jdk8u102\7268\hotspot\src\share\vm\prims\jvm.cpp, line 1390]
Event: 0.487 Thread 0x0000000059851000 Exception <a 'java/lang/ArrayIndexOutOfBoundsException'> (0x00000000d6d890e0) thrown at [C:\re\workspace\8-2-build-windows-amd64-cygwin\jdk8u102\7268\hotspot\src\share\vm\runtime\sharedRuntime.cpp, line 605]
Event: 0.488 Thread 0x0000000059851000 Exception <a 'java/lang/ArrayIndexOutOfBoundsException'> (0x00000000d6d89c28) thrown at [C:\re\workspace\8-2-build-windows-amd64-cygwin\jdk8u102\7268\hotspot\src\share\vm\runtime\sharedRuntime.cpp, line 605]
Event: 0.488 Thread 0x0000000059851000 Exception <a 'java/lang/ArrayIndexOutOfBoundsException'> (0x00000000d6d8afd0) thrown at [C:\re\workspace\8-2-build-windows-amd64-cygwin\jdk8u102\7268\hotspot\src\share\vm\runtime\sharedRuntime.cpp, line 605]
Event: 0.488 Thread 0x0000000059851000 Exception <a 'java/lang/ArrayIndexOutOfBoundsException'> (0x00000000d6d8d2e0) thrown at [C:\re\workspace\8-2-build-windows-amd64-cygwin\jdk8u102\7268\hotspot\src\share\vm\runtime\sharedRuntime.cpp, line 605]
Event: 0.531 Thread 0x0000000059851000 Implicit null exception at 0x0000000002a596a5 to 0x0000000002a59879

Events (10 events):
Event: 0.573 loading class java/util/ResourceBundle$BundleReference
Event: 0.573 loading class java/util/ResourceBundle$BundleReference done
Event: 0.574 loading class com/sun/javafx/tk/quantum/QuantumMessagesBundle_sv
Event: 0.574 loading class com/sun/javafx/tk/quantum/QuantumMessagesBundle_sv done
Event: 0.575 loading class com/sun/javafx/tk/quantum/QuantumMessagesBundle_sv_SE
Event: 0.575 loading class com/sun/javafx/tk/quantum/QuantumMessagesBundle_sv_SE done
Event: 0.577 loading class com/sun/javafx/tk/quantum/WindowStage$1
Event: 0.577 loading class com/sun/javafx/tk/quantum/WindowStage$1 done
Event: 0.577 loading class com/sun/javafx/tk/FocusCause
Event: 0.577 loading class com/sun/javafx/tk/FocusCause done


Dynamic libraries:
0x000000013fbc0000 - 0x000000013fbf7000 	C:\Program Files\Java\jre1.8.0_102\bin\javaw.exe
0x0000000077c90000 - 0x0000000077e3a000 	C:\Windows\SYSTEM32\ntdll.dll
0x0000000077b70000 - 0x0000000077c8f000 	C:\Windows\system32\kernel32.dll
0x000007fefda70000 - 0x000007fefdada000 	C:\Windows\system32\KERNELBASE.dll
0x000007fefde50000 - 0x000007fefdf2b000 	C:\Windows\system32\ADVAPI32.dll
0x000007feff100000 - 0x000007feff19f000 	C:\Windows\system32\msvcrt.dll
0x000007feff320000 - 0x000007feff33f000 	C:\Windows\SYSTEM32\sechost.dll
0x000007feff920000 - 0x000007feffa4d000 	C:\Windows\system32\RPCRT4.dll
0x0000000077a70000 - 0x0000000077b6a000 	C:\Windows\system32\USER32.dll
0x000007fefddc0000 - 0x000007fefde27000 	C:\Windows\system32\GDI32.dll
0x000007fefecc0000 - 0x000007fefecce000 	C:\Windows\system32\LPK.dll
0x000007feff820000 - 0x000007feff8eb000 	C:\Windows\system32\USP10.dll
0x000007fefc3a0000 - 0x000007fefc594000 	C:\Windows\WinSxS\amd64_microsoft.windows.common-controls_6595b64144ccf1df_6.0.7601.18837_none_fa3b1e3d17594757\COMCTL32.dll
0x000007fefff10000 - 0x000007fefff81000 	C:\Windows\system32\SHLWAPI.dll
0x000007feff8f0000 - 0x000007feff91e000 	C:\Windows\system32\IMM32.DLL
0x000007fefeff0000 - 0x000007feff0f9000 	C:\Windows\system32\MSCTF.dll
0x0000000056ca0000 - 0x0000000056d71000 	C:\Program Files\Java\jre1.8.0_102\bin\msvcr100.dll
0x000000006b200000 - 0x000000006ba9a000 	C:\Program Files\Java\jre1.8.0_102\bin\server\jvm.dll
0x000007fef4d90000 - 0x000007fef4d99000 	C:\Windows\system32\WSOCK32.dll
0x000007fefefa0000 - 0x000007fefefed000 	C:\Windows\system32\WS2_32.dll
0x000007fefff90000 - 0x000007fefff98000 	C:\Windows\system32\NSI.dll
0x000007fefb7e0000 - 0x000007fefb81b000 	C:\Windows\system32\WINMM.dll
0x000007fefca60000 - 0x000007fefca6c000 	C:\Windows\system32\VERSION.dll
0x0000000077e50000 - 0x0000000077e57000 	C:\Windows\system32\PSAPI.DLL
0x0000000075030000 - 0x000000007503f000 	C:\Program Files\Java\jre1.8.0_102\bin\verify.dll
0x0000000075000000 - 0x0000000075029000 	C:\Program Files\Java\jre1.8.0_102\bin\java.dll
0x0000000074fe0000 - 0x0000000074ff6000 	C:\Program Files\Java\jre1.8.0_102\bin\zip.dll
0x000007fefdf30000 - 0x000007fefecba000 	C:\Windows\system32\SHELL32.dll
0x000007feff580000 - 0x000007feff77c000 	C:\Windows\system32\ole32.dll
0x000007fefd990000 - 0x000007fefd99f000 	C:\Windows\system32\profapi.dll
0x000007fed13e0000 - 0x000007fed14cf000 	C:\Program Files\Java\jre1.8.0_102\bin\msvcr120.dll
0x000007fed6b10000 - 0x000007fed6bb6000 	C:\Program Files\Java\jre1.8.0_102\bin\msvcp120.dll
0x000000006c3e0000 - 0x000000006c402000 	C:\Program Files\Java\jre1.8.0_102\bin\prism_d3d.dll
0x000007fed3f10000 - 0x000007fed410f000 	C:\Windows\system32\d3d9.dll
0x000007fefb2e0000 - 0x000007fefb2e7000 	C:\Windows\system32\d3d8thk.dll
0x000007fefbf00000 - 0x000007fefbf18000 	C:\Windows\system32\dwmapi.dll
0x000007fefbe70000 - 0x000007fefbec6000 	C:\Windows\system32\uxtheme.dll
0x000007fed2760000 - 0x000007fed3f07000 	C:\Windows\system32\igdumdim64.dll
0x000000006c390000 - 0x000000006c3d3000 	C:\Program Files\Java\jre1.8.0_102\bin\glass.dll
0x000007feff780000 - 0x000007feff817000 	C:\Windows\system32\COMDLG32.dll
0x000007feff240000 - 0x000007feff31a000 	C:\Windows\system32\OLEAUT32.dll
0x000007fefd7e0000 - 0x000007fefd7ef000 	C:\Windows\system32\CRYPTBASE.dll
0x000007fec9580000 - 0x000007fec9f5d000 	C:\Windows\system32\igdusc64.dll
0x000000006c430000 - 0x000000006c444000 	C:\Program Files\Java\jre1.8.0_102\bin\javafx_font.dll
0x000007fed7a40000 - 0x000007fed7bd7000 	C:\Windows\system32\dwrite.dll
0x000007feff1a0000 - 0x000007feff239000 	C:\Windows\system32\CLBCatQ.DLL
0x000007fefb9a0000 - 0x000007fefbb01000 	C:\Windows\system32\WindowsCodecs.dll
0x000007fefd780000 - 0x000007fefd7d7000 	C:\Windows\system32\apphelp.dll
0x000007feeeaf0000 - 0x000007feeec82000 	C:\Users\Niclas Hammar\AppData\Local\Microsoft\OneDrive\17.3.6281.1202\amd64\FileSyncShell64.dll
0x000007feffbe0000 - 0x000007fefff01000 	C:\Windows\system32\WININET.dll
0x000007fefdae0000 - 0x000007fefdae4000 	C:\Windows\system32\api-ms-win-downlevel-user32-l1-1-0.dll
0x000007fefdd30000 - 0x000007fefdd34000 	C:\Windows\system32\api-ms-win-downlevel-shlwapi-l1-1-0.dll
0x000007fefdb10000 - 0x000007fefdb14000 	C:\Windows\system32\api-ms-win-downlevel-version-l1-1-0.dll
0x000007fefdce0000 - 0x000007fefdce3000 	C:\Windows\system32\api-ms-win-downlevel-normaliz-l1-1-0.dll
0x0000000077e60000 - 0x0000000077e63000 	C:\Windows\system32\normaliz.DLL
0x000007fefecd0000 - 0x000007fefef9b000 	C:\Windows\system32\iertutil.dll
0x000007fefd9a0000 - 0x000007fefd9a5000 	C:\Windows\system32\api-ms-win-downlevel-advapi32-l1-1-0.dll
0x000007fefdaf0000 - 0x000007fefdb0e000 	C:\Windows\system32\USERENV.dll
0x000007feef240000 - 0x000007feef53c000 	C:\Program Files (x86)\Microsoft Office\root\VFS\ProgramFilesX64\Microsoft Office\Office16\GROOVEEX.DLL
0x000007feef210000 - 0x000007feef226000 	C:\Windows\system32\VCRUNTIME140.dll
0x000007feef200000 - 0x000007feef204000 	C:\Windows\system32\api-ms-win-crt-runtime-l1-1-0.dll
0x000007feef100000 - 0x000007feef1f4000 	C:\Windows\system32\ucrtbase.DLL
0x000007feef0f0000 - 0x000007feef0f3000 	C:\Windows\system32\api-ms-win-core-timezone-l1-1-0.dll
0x000007feef0b0000 - 0x000007feef0b3000 	C:\Windows\system32\api-ms-win-core-file-l2-1-0.dll
0x000007feef0a0000 - 0x000007feef0a3000 	C:\Windows\system32\api-ms-win-core-localization-l1-2-0.dll
0x000007fef4d80000 - 0x000007fef4d83000 	C:\Windows\system32\api-ms-win-core-synch-l1-2-0.dll
0x000007feef090000 - 0x000007feef093000 	C:\Windows\system32\api-ms-win-core-processthreads-l1-1-1.dll
0x000007feef080000 - 0x000007feef083000 	C:\Windows\system32\api-ms-win-core-file-l1-2-0.dll
0x000007feeeff0000 - 0x000007feeeff4000 	C:\Windows\system32\api-ms-win-crt-string-l1-1-0.dll
0x000007feeefe0000 - 0x000007feeefe3000 	C:\Windows\system32\api-ms-win-crt-heap-l1-1-0.dll
0x000007feeefd0000 - 0x000007feeefd4000 	C:\Windows\system32\api-ms-win-crt-stdio-l1-1-0.dll
0x000007feeefc0000 - 0x000007feeefc4000 	C:\Windows\system32\api-ms-win-crt-convert-l1-1-0.dll
0x000007feeed30000 - 0x000007feeedcc000 	C:\Windows\system32\MSVCP140.dll
0x000007feeed20000 - 0x000007feeed23000 	C:\Windows\system32\api-ms-win-crt-locale-l1-1-0.dll
0x000007feeed10000 - 0x000007feeed15000 	C:\Windows\system32\api-ms-win-crt-math-l1-1-0.dll
0x000007feeed00000 - 0x000007feeed05000 	C:\Windows\system32\api-ms-win-crt-multibyte-l1-1-0.dll
0x000007feeecd0000 - 0x000007feeecd3000 	C:\Windows\system32\api-ms-win-crt-time-l1-1-0.dll
0x000007feeecc0000 - 0x000007feeecc3000 	C:\Windows\system32\api-ms-win-crt-filesystem-l1-1-0.dll
0x000007feeecb0000 - 0x000007feeecb3000 	C:\Windows\system32\api-ms-win-crt-environment-l1-1-0.dll
0x000007feeeca0000 - 0x000007feeeca3000 	C:\Windows\system32\api-ms-win-crt-utility-l1-1-0.dll
0x000007fef6b40000 - 0x000007fef6e5e000 	C:\Windows\system32\msi.dll
0x000007feedea0000 - 0x000007feee727000 	C:\Program Files (x86)\Microsoft Office\root\VFS\ProgramFilesX64\Microsoft Office\Office16\1053\GrooveIntlResource.dll
0x000007feeeef0000 - 0x000007feeefbe000 	C:\Program Files (x86)\Dell Backup and Recovery\Components\Shell\DBROverlayIconBackuped.dll
0x0000000072320000 - 0x0000000072830000 	C:\Program Files (x86)\Dell Backup and Recovery\Components\Shell\Qt5Core.dll
0x0000000072970000 - 0x0000000072a08000 	C:\Program Files (x86)\Dell Backup and Recovery\Components\Shell\MSVCP100.dll
0x000007fef4140000 - 0x000007fef4265000 	C:\Windows\system32\dbghelp.dll

VM Arguments:
jvm_args: -Dfile.encoding=Cp1252 
java_command: Hospital.MainApp
java_class_path (initial): C:\Users\Niclas Hammar\workspace\HospitalManagement\bin;C:\Program Files (x86)\MySQL\Connector.J 5.1\mysql-connector-java-5.1.42-bin.jar;C:\Program Files\Java\jdk1.8.0_102\db\lib\derbyLocale_cs.jar;C:\Program Files\Java\jdk1.8.0_102\db\lib\derbyLocale_de_DE.jar;C:\Program Files\Java\jdk1.8.0_102\db\lib\derbyLocale_es.jar;C:\Program Files\Java\jdk1.8.0_102\db\lib\derbyLocale_fr.jar;C:\Program Files\Java\jdk1.8.0_102\db\lib\derbyLocale_hu.jar;C:\Program Files\Java\jdk1.8.0_102\db\lib\derbyLocale_it.jar;C:\Program Files\Java\jdk1.8.0_102\db\lib\derbyLocale_ja_JP.jar;C:\Program Files\Java\jdk1.8.0_102\db\lib\derbyLocale_ko_KR.jar;C:\Program Files\Java\jdk1.8.0_102\db\lib\derbyLocale_pl.jar;C:\Program Files\Java\jdk1.8.0_102\db\lib\derbyLocale_pt_BR.jar;C:\Program Files\Java\jdk1.8.0_102\db\lib\derbyLocale_ru.jar;C:\Program Files\Java\jdk1.8.0_102\db\lib\derbyLocale_zh_CN.jar;C:\Program Files\Java\jdk1.8.0_102\db\lib\derbyLocale_zh_TW.jar;C:\Program Files\Java\jdk1.8.0_102\db\lib\derby.jar
Launcher Type: SUN_STANDARD

Environment Variables:
PATH=C:/Program Files/Java/jre1.8.0_102/bin/server;C:/Program Files/Java/jre1.8.0_102/bin;C:/Program Files/Java/jre1.8.0_102/lib/amd64;C:\ProgramData\Oracle\Java\javapath;C:\Program Files (x86)\Intel\iCLS Client\;C:\Program Files\Intel\iCLS Client\;C:\Windows\system32;C:\Windows;C:\Windows\System32\Wbem;C:\Windows\System32\WindowsPowerShell\v1.0\;C:\Program Files\Intel\Intel(R) Management Engine Components\DAL;C:\Program Files (x86)\Intel\Intel(R) Management Engine Components\DAL;C:\Program Files\Intel\Intel(R) Management Engine Components\IPT;C:\Program Files (x86)\Intel\Intel(R) Management Engine Components\IPT;C:\Program Files\Intel\WiFi\bin\;C:\Program Files\Common Files\Intel\WirelessCommon\;C:\Program Files\Git\cmd;C:\Program Files (x86)\Skype\Phone\;C:\Windows\system32\config\systemprofile\.dnx\bin;C:\Program Files\Microsoft DNX\Dnvm\;C:\Program Files\Microsoft SQL Server\130\Tools\Binn\;C:\Program Files\MySQL\MySQL Utilities 1.6\;C:\Users\Niclas Hammar\Desktop;
USERNAME=Niclas Hammar
OS=Windows_NT
PROCESSOR_IDENTIFIER=Intel64 Family 6 Model 61 Stepping 4, GenuineIntel



---------------  S Y S T E M  ---------------

OS: Windows 7 , 64 bit Build 7601 (6.1.7601.23915)

CPU:total 4 (2 cores per cpu, 2 threads per core) family 6 model 61 stepping 4, cmov, cx8, fxsr, mmx, sse, sse2, sse3, ssse3, sse4.1, sse4.2, popcnt, avx, avx2, aes, clmul, erms, 3dnowpref, lzcnt, ht, tsc, tscinvbit, bmi1, bmi2, adx

Memory: 4k page, physical 8297192k(2526296k free), swap 16592524k(9669852k free)

vm_info: Java HotSpot(TM) 64-Bit Server VM (25.102-b14) for windows-amd64 JRE (1.8.0_102-b14), built on Jun 22 2016 13:15:21 by "java_re" with MS VC++ 10.0 (VS2010)

time: Thu Nov 09 15:21:29 2017
elapsed time: 2 seconds (0d 0h 0m 2s)

