#
# A fatal error has been detected by the Java Runtime Environment:
#
#  EXCEPTION_ACCESS_VIOLATION (0xc0000005) at pc=0x000007fefd5d0658, pid=7820, tid=0x000000000000237c
#
# JRE version: Java(TM) SE Runtime Environment (8.0_102-b14) (build 1.8.0_102-b14)
# Java VM: Java HotSpot(TM) 64-Bit Server VM (25.102-b14 mixed mode windows-amd64 compressed oops)
# Problematic frame:
# C  [ole32.dll+0x30658]
#
# Failed to write core dump. Minidumps are not enabled by default on client versions of Windows
#
# If you would like to submit a bug report, please visit:
#   http://bugreport.java.com/bugreport/crash.jsp
# The crash happened outside the Java Virtual Machine in native code.
# See problematic frame for where to report the bug.
#

---------------  T H R E A D  ---------------

Current thread (0x00000000194ce000):  JavaThread "JavaFX Application Thread" [_thread_in_native, id=9084, stack(0x000000001a0f0000,0x000000001a1f0000)]

siginfo: ExceptionCode=0xc0000005, reading address 0xffffffffffffffff

Registers:
RAX=0x000000001a1ea408, RBX=0x000000001a1eb0a0, RCX=0x00000000196d1830, RDX=0x000007fefe855c48
RSP=0x000000001a1ea3b0, RBP=0x000000001a1ea8f8, RSI=0x0000000000000000, RDI=0x000000001a1ea8e0
R8 =0x000000001a1eb098, R9 =0x000007feee3d02a8, R10=0x000000001a1eb090, R11=0x9000089f02a80072
R12=0x0000000000000000, R13=0x0000000080004002, R14=0x0000000000000000, R15=0x0000000000000000
RIP=0x000007fefd5d0658, EFLAGS=0x0000000000010246

Top of Stack: (sp=0x000000001a1ea3b0)
0x000000001a1ea3b0:   0000000000000000 0000000080004005
0x000000001a1ea3c0:   000007fefd723290 000000001a1ea450
0x000000001a1ea3d0:   0000000000000000 0000000000000000
0x000000001a1ea3e0:   0000000000000401 0000000000000000
0x000000001a1ea3f0:   0000000000000000 0000000000000000
0x000000001a1ea400:   000000001a1ead40 000007fefd5ec600
0x000000001a1ea410:   000000001a1ea460 0000000000000001
0x000000001a1ea420:   0000000000000000 000000001a1eb090
0x000000001a1ea430:   0052005c00000001 000000001a1eae88
0x000000001a1ea440:   005c005900000000 0000000000000000
0x000000001a1ea450:   00000000005d57b0 00540046004f0053
0x000000001a1ea460:   000007fefd74be80 000007fefd74bf08
0x000000001a1ea470:   000007fefd74bf28 0000033800000001
0x000000001a1ea480:   000000c000000000 0000000046000000
0x000000001a1ea490:   0000000100000000 0000000000000000
0x000000001a1ea4a0:   0000000400000000 0000000000000000 

Instructions: (pc=0x000007fefd5d0658)
0x000007fefd5d0638:   bf 4c 01 00 00 00 0f 85 a6 1f 03 00 48 8b 4d 38
0x000007fefd5d0648:   48 8d 14 76 4c 8b 09 4d 8d 44 d2 08 48 8b 53 f0
0x000007fefd5d0658:   41 ff 11 89 03 eb 00 4c 8b 54 24 78 8b 54 24 68
0x000007fefd5d0668:   45 85 ed 74 03 44 8b 2b ff c6 49 83 c7 04 49 83 


Register to memory mapping:

RAX=0x000000001a1ea408 is pointing into the stack for thread: 0x00000000194ce000
RBX=0x000000001a1eb0a0 is pointing into the stack for thread: 0x00000000194ce000
RCX=0x00000000196d1830 is an unknown value
RDX=0x000007fefe855c48 is an unknown value
RSP=0x000000001a1ea3b0 is pointing into the stack for thread: 0x00000000194ce000
RBP=0x000000001a1ea8f8 is pointing into the stack for thread: 0x00000000194ce000
RSI=0x0000000000000000 is an unknown value
RDI=0x000000001a1ea8e0 is pointing into the stack for thread: 0x00000000194ce000
R8 =0x000000001a1eb098 is pointing into the stack for thread: 0x00000000194ce000
R9 =0x000007feee3d02a8 is an unknown value
R10=0x000000001a1eb090 is pointing into the stack for thread: 0x00000000194ce000
R11=0x9000089f02a80072 is an unknown value
R12=0x0000000000000000 is an unknown value
R13=0x0000000080004002 is an unknown value
R14=0x0000000000000000 is an unknown value
R15=0x0000000000000000 is an unknown value


Stack: [0x000000001a0f0000,0x000000001a1f0000],  sp=0x000000001a1ea3b0,  free space=1000k
Native frames: (J=compiled Java code, j=interpreted, Vv=VM code, C=native code)
C  [ole32.dll+0x30658]
C  [ole32.dll+0x4c600]
C  [ole32.dll+0xd18a]
C  [ole32.dll+0xd210]
C  [ole32.dll+0x2468f]
C  [SHELL32.dll+0x85075]
C  [SHELL32.dll+0x6a770]
C  [SHELL32.dll+0x4dca5]
C  [SHELL32.dll+0x25bcc]
C  [SHELL32.dll+0x25a70]
C  [SHELL32.dll+0x259c0]
C  [SHELL32.dll+0x4248f]
C  [SHELL32.dll+0x27f48]
C  [SHELL32.dll+0x1b1f9b]
C  [SHELL32.dll+0x6b525]
C  [SHELL32.dll+0xa2d1e]
C  [ole32.dll+0x11673]
C  [ole32.dll+0x10c1a]
C  [ole32.dll+0x10a70]
C  [ole32.dll+0x109c2]
C  [ole32.dll+0x31313]
C  [ole32.dll+0x31297]
C  [ole32.dll+0x11457]
C  [ole32.dll+0x10c1a]
C  [ole32.dll+0x10b83]
C  [ole32.dll+0x10c1a]
C  [ole32.dll+0x11301]
C  [ole32.dll+0xd18a]
C  [ole32.dll+0xd210]
C  [ole32.dll+0x2468f]
C  [glass.dll+0x146f3]
C  [glass.dll+0x20cf0]
C  [glass.dll+0x19ec3]
C  [glass.dll+0x1c34e]
C  [glass.dll+0x19f6e]
C  [glass.dll+0xa1f5]
C  [glass.dll+0x17e8]
C  [USER32.dll+0x19bbd]
C  [USER32.dll+0x16a5c]
C  [USER32.dll+0x16b61]
C  [glass.dll+0x1c535]
C  0x0000000002407f54

Java frames: (J=compiled Java code, j=interpreted, Vv=VM code)
j  com.sun.glass.ui.win.WinWindow._createWindow(JJI)J+0
j  com.sun.glass.ui.Window.<init>(Lcom/sun/glass/ui/Window;Lcom/sun/glass/ui/Screen;I)V+365
j  com.sun.glass.ui.win.WinWindow.<init>(Lcom/sun/glass/ui/Window;Lcom/sun/glass/ui/Screen;I)V+4
j  com.sun.glass.ui.win.WinApplication.createWindow(Lcom/sun/glass/ui/Window;Lcom/sun/glass/ui/Screen;I)Lcom/sun/glass/ui/Window;+7
j  com.sun.javafx.tk.quantum.WindowStage.initPlatformWindow()V+250
j  com.sun.javafx.tk.quantum.WindowStage.init(Lcom/sun/javafx/tk/quantum/GlassSystemMenu;)Lcom/sun/javafx/tk/quantum/WindowStage;+1
j  com.sun.javafx.tk.quantum.QuantumToolkit.createTKStage(Ljavafx/stage/Window;ZLjavafx/stage/StageStyle;ZLjavafx/stage/Modality;Lcom/sun/javafx/tk/TKStage;ZLjava/security/AccessControlContext;)Lcom/sun/javafx/tk/TKStage;+50
j  javafx.stage.Stage.impl_visibleChanging(Z)V+139
j  javafx.stage.Window$9.invalidated()V+80
j  javafx.beans.property.BooleanPropertyBase.markInvalid()V+13
j  javafx.beans.property.BooleanPropertyBase.set(Z)V+106
j  javafx.stage.Window.setShowing(Z)V+11
j  javafx.stage.Window.show()V+2
j  javafx.stage.Stage.show()V+1
j  Hospital.MainApp.initRootLayout()V+54
j  Hospital.MainApp.start(Ljavafx/stage/Stage;)V+15
j  com.sun.javafx.application.LauncherImpl.lambda$launchApplication1$162(Ljava/util/concurrent/atomic/AtomicBoolean;Ljavafx/application/Application;)V+20
j  com.sun.javafx.application.LauncherImpl$$Lambda$55.run()V+8
j  com.sun.javafx.application.PlatformImpl.lambda$runAndWait$175(Ljava/lang/Runnable;Ljava/util/concurrent/CountDownLatch;)V+1
j  com.sun.javafx.application.PlatformImpl$$Lambda$48.run()V+8
j  com.sun.javafx.application.PlatformImpl.lambda$null$173(Ljava/lang/Runnable;)Ljava/lang/Void;+1
j  com.sun.javafx.application.PlatformImpl$$Lambda$50.run()Ljava/lang/Object;+4
v  ~StubRoutines::call_stub
j  java.security.AccessController.doPrivileged(Ljava/security/PrivilegedAction;Ljava/security/AccessControlContext;)Ljava/lang/Object;+0
j  com.sun.javafx.application.PlatformImpl.lambda$runLater$174(Ljava/lang/Runnable;Ljava/security/AccessControlContext;)V+7
j  com.sun.javafx.application.PlatformImpl$$Lambda$49.run()V+8
j  com.sun.glass.ui.InvokeLaterDispatcher$Future.run()V+4
v  ~StubRoutines::call_stub
j  com.sun.glass.ui.win.WinApplication._runLoop(Ljava/lang/Runnable;)V+0
j  com.sun.glass.ui.win.WinApplication.lambda$null$148(ILjava/lang/Runnable;)V+8
j  com.sun.glass.ui.win.WinApplication$$Lambda$38.run()V+12
j  java.lang.Thread.run()V+11
v  ~StubRoutines::call_stub

---------------  P R O C E S S  ---------------

Java Threads: ( => current thread )
  0x0000000019534800 JavaThread "Thread-3" daemon [_thread_in_native, id=2664, stack(0x000000001ba30000,0x000000001bb30000)]
  0x000000001955c800 JavaThread "JavaFX-Launcher" [_thread_blocked, id=2504, stack(0x000000001bbc0000,0x000000001bcc0000)]
=>0x00000000194ce000 JavaThread "JavaFX Application Thread" [_thread_in_native, id=9084, stack(0x000000001a0f0000,0x000000001a1f0000)]
  0x00000000194ca000 JavaThread "Thread-1" daemon [_thread_blocked, id=7056, stack(0x0000000019f80000,0x000000001a080000)]
  0x00000000194a4000 JavaThread "QuantumRenderer-0" daemon [_thread_blocked, id=9064, stack(0x00000000191b0000,0x00000000192b0000)]
  0x0000000018ba1800 JavaThread "Service Thread" daemon [_thread_blocked, id=1616, stack(0x00000000188e0000,0x00000000189e0000)]
  0x0000000018b23000 JavaThread "C1 CompilerThread2" daemon [_thread_blocked, id=7224, stack(0x00000000190a0000,0x00000000191a0000)]
  0x0000000018b22000 JavaThread "C2 CompilerThread1" daemon [_thread_blocked, id=5060, stack(0x0000000018fa0000,0x00000000190a0000)]
  0x0000000017268000 JavaThread "C2 CompilerThread0" daemon [_thread_blocked, id=7640, stack(0x0000000018a20000,0x0000000018b20000)]
  0x0000000017265800 JavaThread "Attach Listener" daemon [_thread_blocked, id=8432, stack(0x0000000018790000,0x0000000018890000)]
  0x0000000017262000 JavaThread "Signal Dispatcher" daemon [_thread_blocked, id=5720, stack(0x00000000185a0000,0x00000000186a0000)]
  0x000000001724a800 JavaThread "Finalizer" daemon [_thread_blocked, id=3760, stack(0x0000000018180000,0x0000000018280000)]
  0x0000000017203000 JavaThread "Reference Handler" daemon [_thread_blocked, id=8344, stack(0x00000000183d0000,0x00000000184d0000)]
  0x0000000001c7e000 JavaThread "main" [_thread_blocked, id=7344, stack(0x0000000002020000,0x0000000002120000)]

Other Threads:
  0x00000000171fb800 VMThread [stack: 0x00000000182a0000,0x00000000183a0000] [id=6772]
  0x0000000018ba9800 WatcherThread [stack: 0x0000000019350000,0x0000000019450000] [id=1444]

VM state:not at safepoint (normal execution)

VM Mutex/Monitor currently owned by a thread: None

Heap:
 PSYoungGen      total 38400K, used 20102K [0x00000000d5d00000, 0x00000000d8780000, 0x0000000100000000)
  eden space 33280K, 60% used [0x00000000d5d00000,0x00000000d70a1ba0,0x00000000d7d80000)
  from space 5120K, 0% used [0x00000000d8280000,0x00000000d8280000,0x00000000d8780000)
  to   space 5120K, 0% used [0x00000000d7d80000,0x00000000d7d80000,0x00000000d8280000)
 ParOldGen       total 87552K, used 0K [0x0000000081600000, 0x0000000086b80000, 0x00000000d5d00000)
  object space 87552K, 0% used [0x0000000081600000,0x0000000081600000,0x0000000086b80000)
 Metaspace       used 11044K, capacity 11414K, committed 11648K, reserved 1058816K
  class space    used 1416K, capacity 1537K, committed 1664K, reserved 1048576K

Card table byte_map: [0x00000000117b0000,0x0000000011bb0000] byte_map_base: 0x00000000113a5000

Marking Bits: (ParMarkBitMap*) 0x000000005398a6c0
 Begin Bits: [0x0000000012520000, 0x00000000144c8000)
 End Bits:   [0x00000000144c8000, 0x0000000016470000)

Polling page: 0x0000000000200000

CodeCache: size=245760Kb used=2754Kb max_used=2765Kb free=243005Kb
 bounds [0x00000000023f0000, 0x00000000026b0000, 0x00000000113f0000]
 total_blobs=1140 nmethods=673 adapters=380
 compilation: enabled

Compilation events (10 events):
Event: 0.620 Thread 0x0000000018b23000 nmethod 668 0x00000000026a0590 code [0x00000000026a06e0, 0x00000000026a07f0]
Event: 0.620 Thread 0x0000000018b23000  671       3       java.nio.charset.CharsetDecoder::reset (11 bytes)
Event: 0.620 Thread 0x0000000018b23000 nmethod 671 0x00000000026a0850 code [0x00000000026a09a0, 0x00000000026a0bd0]
Event: 0.620 Thread 0x0000000018b23000  672       3       java.nio.charset.CharsetDecoder::implReset (1 bytes)
Event: 0.620 Thread 0x0000000018b23000 nmethod 672 0x00000000026a0c90 code [0x00000000026a0de0, 0x00000000026a0f30]
Event: 0.620 Thread 0x0000000018b23000  670       3       java.util.Collections$UnmodifiableList::get (11 bytes)
Event: 0.620 Thread 0x0000000018b23000 nmethod 670 0x00000000026a0f90 code [0x00000000026a1100, 0x00000000026a1328]
Event: 0.620 Thread 0x0000000018b22000 nmethod 669 0x00000000026a4350 code [0x00000000026a44a0, 0x00000000026a4818]
Event: 1.324 Thread 0x0000000018b23000  673       3       java.util.concurrent.atomic.AtomicBoolean::get (13 bytes)
Event: 1.324 Thread 0x0000000018b23000 nmethod 673 0x00000000026a3fd0 code [0x00000000026a4120, 0x00000000026a42d0]

GC Heap History (0 events):
No events

Deoptimization events (6 events):
Event: 0.109 Thread 0x0000000001c7e000 Uncommon trap: reason=unstable_if action=reinterpret pc=0x000000000250dd58 method=java.lang.String.equals(Ljava/lang/Object;)Z @ 2
Event: 0.199 Thread 0x0000000001c7e000 Uncommon trap: reason=null_check action=make_not_entrant pc=0x00000000025574b0 method=java.lang.String.equals(Ljava/lang/Object;)Z @ 8
Event: 0.395 Thread 0x00000000194ce000 Uncommon trap: reason=unstable_if action=reinterpret pc=0x0000000002592350 method=java.lang.String.replace(CC)Ljava/lang/String; @ 26
Event: 0.395 Thread 0x00000000194ce000 Uncommon trap: reason=unstable_if action=reinterpret pc=0x00000000025c5a80 method=java.lang.String.indexOf([CII[CIII)I @ 134
Event: 0.541 Thread 0x00000000194ce000 Uncommon trap: reason=unstable_if action=reinterpret pc=0x00000000025a904c method=java.lang.String.startsWith(Ljava/lang/String;I)Z @ 25
Event: 0.596 Thread 0x00000000194ce000 Uncommon trap: reason=unstable_if action=reinterpret pc=0x000000000265a414 method=java.util.HashMap.hash(Ljava/lang/Object;)I @ 1

Internal exceptions (10 events):
Event: 0.181 Thread 0x0000000001c7e000 Exception <a 'java/security/PrivilegedActionException'> (0x00000000d5fb2958) thrown at [C:\re\workspace\8-2-build-windows-amd64-cygwin\jdk8u102\7268\hotspot\src\share\vm\prims\jvm.cpp, line 1386]
Event: 0.181 Thread 0x0000000001c7e000 Exception <a 'java/lang/NullPointerException'> (0x00000000d5fb2f30) thrown at [C:\re\workspace\8-2-build-windows-amd64-cygwin\jdk8u102\7268\hotspot\src\share\vm\interpreter\linkResolver.cpp, line 1178]
Event: 0.199 Thread 0x0000000001c7e000 Implicit null exception at 0x00000000025572d5 to 0x00000000025574a1
Event: 0.448 Thread 0x00000000194ce000 Exception <a 'java/lang/NullPointerException'> (0x00000000d6978520) thrown at [C:\re\workspace\8-2-build-windows-amd64-cygwin\jdk8u102\7268\hotspot\src\share\vm\interpreter\linkResolver.cpp, line 1178]
Event: 0.448 Thread 0x00000000194ce000 Exception <a 'java/lang/NullPointerException'> (0x00000000d6978520) thrown at [C:\re\workspace\8-2-build-windows-amd64-cygwin\jdk8u102\7268\hotspot\src\share\vm\prims\jvm.cpp, line 1390]
Event: 0.548 Thread 0x00000000194ce000 Exception <a 'java/lang/ArrayIndexOutOfBoundsException': 70> (0x00000000d6d7d048) thrown at [C:\re\workspace\8-2-build-windows-amd64-cygwin\jdk8u102\7268\hotspot\src\share\vm\interpreter\interpreterRuntime.cpp, line 366]
Event: 0.549 Thread 0x00000000194ce000 Exception <a 'java/lang/ArrayIndexOutOfBoundsException': 18> (0x00000000d6d7dd18) thrown at [C:\re\workspace\8-2-build-windows-amd64-cygwin\jdk8u102\7268\hotspot\src\share\vm\interpreter\interpreterRuntime.cpp, line 366]
Event: 0.549 Thread 0x00000000194ce000 Exception <a 'java/lang/ArrayIndexOutOfBoundsException': 86> (0x00000000d6d7f0c0) thrown at [C:\re\workspace\8-2-build-windows-amd64-cygwin\jdk8u102\7268\hotspot\src\share\vm\interpreter\interpreterRuntime.cpp, line 366]
Event: 0.550 Thread 0x00000000194ce000 Exception <a 'java/lang/ArrayIndexOutOfBoundsException'> (0x00000000d6d813d0) thrown at [C:\re\workspace\8-2-build-windows-amd64-cygwin\jdk8u102\7268\hotspot\src\share\vm\runtime\sharedRuntime.cpp, line 605]
Event: 0.596 Thread 0x00000000194ce000 Implicit null exception at 0x000000000265a1f5 to 0x000000000265a405

Events (10 events):
Event: 0.615 loading class java/util/Properties$LineReader
Event: 0.615 loading class java/util/Properties$LineReader done
Event: 0.615 loading class com/sun/javafx/tk/quantum/QuantumMessagesBundle_sv
Event: 0.615 loading class com/sun/javafx/tk/quantum/QuantumMessagesBundle_sv done
Event: 0.616 loading class com/sun/javafx/tk/quantum/QuantumMessagesBundle_sv_SE
Event: 0.616 loading class com/sun/javafx/tk/quantum/QuantumMessagesBundle_sv_SE done
Event: 0.618 loading class com/sun/javafx/tk/quantum/WindowStage$1
Event: 0.618 loading class com/sun/javafx/tk/quantum/WindowStage$1 done
Event: 0.618 loading class com/sun/javafx/tk/FocusCause
Event: 0.618 loading class com/sun/javafx/tk/FocusCause done


Dynamic libraries:
0x000000013fd80000 - 0x000000013fdb7000 	C:\Program Files\Java\jre1.8.0_102\bin\javaw.exe
0x00000000770f0000 - 0x000000007729a000 	C:\Windows\SYSTEM32\ntdll.dll
0x0000000076fd0000 - 0x00000000770ef000 	C:\Windows\system32\kernel32.dll
0x000007fefce70000 - 0x000007fefceda000 	C:\Windows\system32\KERNELBASE.dll
0x000007fefd940000 - 0x000007fefda1b000 	C:\Windows\system32\ADVAPI32.dll
0x000007fefe380000 - 0x000007fefe41f000 	C:\Windows\system32\msvcrt.dll
0x000007fefe120000 - 0x000007fefe13f000 	C:\Windows\SYSTEM32\sechost.dll
0x000007fefdd20000 - 0x000007fefde4d000 	C:\Windows\system32\RPCRT4.dll
0x0000000076ed0000 - 0x0000000076fca000 	C:\Windows\system32\USER32.dll
0x000007feff290000 - 0x000007feff2f7000 	C:\Windows\system32\GDI32.dll
0x000007feff300000 - 0x000007feff30e000 	C:\Windows\system32\LPK.dll
0x000007fefd4d0000 - 0x000007fefd59b000 	C:\Windows\system32\USP10.dll
0x000007fefb7d0000 - 0x000007fefb9c4000 	C:\Windows\WinSxS\amd64_microsoft.windows.common-controls_6595b64144ccf1df_6.0.7601.18837_none_fa3b1e3d17594757\COMCTL32.dll
0x000007fefdbe0000 - 0x000007fefdc51000 	C:\Windows\system32\SHLWAPI.dll
0x000007fefdbb0000 - 0x000007fefdbde000 	C:\Windows\system32\IMM32.DLL
0x000007fefdaa0000 - 0x000007fefdba9000 	C:\Windows\system32\MSCTF.dll
0x0000000073c70000 - 0x0000000073d41000 	C:\Program Files\Java\jre1.8.0_102\bin\msvcr100.dll
0x0000000053170000 - 0x0000000053a0a000 	C:\Program Files\Java\jre1.8.0_102\bin\server\jvm.dll
0x000007fef41e0000 - 0x000007fef41e9000 	C:\Windows\system32\WSOCK32.dll
0x000007feff310000 - 0x000007feff35d000 	C:\Windows\system32\WS2_32.dll
0x000007fefd930000 - 0x000007fefd938000 	C:\Windows\system32\NSI.dll
0x000007fefabf0000 - 0x000007fefac2b000 	C:\Windows\system32\WINMM.dll
0x000007fefbec0000 - 0x000007fefbecc000 	C:\Windows\system32\VERSION.dll
0x00000000772b0000 - 0x00000000772b7000 	C:\Windows\system32\PSAPI.DLL
0x0000000061810000 - 0x000000006181f000 	C:\Program Files\Java\jre1.8.0_102\bin\verify.dll
0x0000000053060000 - 0x0000000053089000 	C:\Program Files\Java\jre1.8.0_102\bin\java.dll
0x0000000053040000 - 0x0000000053056000 	C:\Program Files\Java\jre1.8.0_102\bin\zip.dll
0x000007fefe420000 - 0x000007feff1aa000 	C:\Windows\system32\SHELL32.dll
0x000007fefd5a0000 - 0x000007fefd79c000 	C:\Windows\system32\ole32.dll
0x000007fefcdf0000 - 0x000007fefcdff000 	C:\Windows\system32\profapi.dll
0x000007fec3400000 - 0x000007fec34ef000 	C:\Program Files\Java\jre1.8.0_102\bin\msvcr120.dll
0x000007fedc190000 - 0x000007fedc236000 	C:\Program Files\Java\jre1.8.0_102\bin\msvcp120.dll
0x0000000073c40000 - 0x0000000073c62000 	C:\Program Files\Java\jre1.8.0_102\bin\prism_d3d.dll
0x000007fecf8f0000 - 0x000007fecfaef000 	C:\Windows\system32\d3d9.dll
0x000007fedbe70000 - 0x000007fedbe77000 	C:\Windows\system32\d3d8thk.dll
0x000007fefb300000 - 0x000007fefb318000 	C:\Windows\system32\dwmapi.dll
0x000007fefb3e0000 - 0x000007fefb436000 	C:\Windows\system32\uxtheme.dll
0x000007febfa20000 - 0x000007fec11c7000 	C:\Windows\system32\igdumdim64.dll
0x0000000057720000 - 0x0000000057763000 	C:\Program Files\Java\jre1.8.0_102\bin\glass.dll
0x000007fefdc60000 - 0x000007fefdcf7000 	C:\Windows\system32\COMDLG32.dll
0x000007feff1b0000 - 0x000007feff28a000 	C:\Windows\system32\OLEAUT32.dll
0x000007fefcc40000 - 0x000007fefcc4f000 	C:\Windows\system32\CRYPTBASE.dll
0x000007fece480000 - 0x000007fecee5d000 	C:\Windows\system32\igdusc64.dll
0x0000000057700000 - 0x0000000057714000 	C:\Program Files\Java\jre1.8.0_102\bin\javafx_font.dll
0x000007fed4940000 - 0x000007fed4ad7000 	C:\Windows\system32\dwrite.dll
0x000007feff360000 - 0x000007feff3f9000 	C:\Windows\system32\CLBCatQ.DLL
0x000007fefae00000 - 0x000007fefaf61000 	C:\Windows\system32\WindowsCodecs.dll
0x000007fefcbe0000 - 0x000007fefcc37000 	C:\Windows\system32\apphelp.dll
0x000007fef14e0000 - 0x000007fef1672000 	C:\Users\Niclas Hammar\AppData\Local\Microsoft\OneDrive\17.3.6281.1202\amd64\FileSyncShell64.dll
0x000007fefd1a0000 - 0x000007fefd4c1000 	C:\Windows\system32\WININET.dll
0x000007fefd0e0000 - 0x000007fefd0e4000 	C:\Windows\system32\api-ms-win-downlevel-user32-l1-1-0.dll
0x000007fefcf00000 - 0x000007fefcf04000 	C:\Windows\system32\api-ms-win-downlevel-shlwapi-l1-1-0.dll
0x000007fefce00000 - 0x000007fefce04000 	C:\Windows\system32\api-ms-win-downlevel-version-l1-1-0.dll
0x000007fefd0d0000 - 0x000007fefd0d3000 	C:\Windows\system32\api-ms-win-downlevel-normaliz-l1-1-0.dll
0x00000000772c0000 - 0x00000000772c3000 	C:\Windows\system32\normaliz.DLL
0x000007fefde50000 - 0x000007fefe11a000 	C:\Windows\system32\iertutil.dll
0x000007fefd0f0000 - 0x000007fefd0f5000 	C:\Windows\system32\api-ms-win-downlevel-advapi32-l1-1-0.dll
0x000007fefcee0000 - 0x000007fefcefe000 	C:\Windows\system32\USERENV.dll
0x000007feef610000 - 0x000007feef90c000 	C:\Program Files (x86)\Microsoft Office\root\VFS\ProgramFilesX64\Microsoft Office\Office16\GROOVEEX.DLL
0x000007feef5f0000 - 0x000007feef606000 	C:\Windows\system32\VCRUNTIME140.dll
0x000007feef5e0000 - 0x000007feef5e4000 	C:\Windows\system32\api-ms-win-crt-runtime-l1-1-0.dll
0x000007feef4e0000 - 0x000007feef5d4000 	C:\Windows\system32\ucrtbase.DLL
0x000007feef4d0000 - 0x000007feef4d3000 	C:\Windows\system32\api-ms-win-core-timezone-l1-1-0.dll
0x000007feef4c0000 - 0x000007feef4c3000 	C:\Windows\system32\api-ms-win-core-file-l2-1-0.dll
0x000007feef4b0000 - 0x000007feef4b3000 	C:\Windows\system32\api-ms-win-core-localization-l1-2-0.dll
0x000007fef41b0000 - 0x000007fef41b3000 	C:\Windows\system32\api-ms-win-core-synch-l1-2-0.dll
0x000007feef4a0000 - 0x000007feef4a3000 	C:\Windows\system32\api-ms-win-core-processthreads-l1-1-1.dll
0x000007feef490000 - 0x000007feef493000 	C:\Windows\system32\api-ms-win-core-file-l1-2-0.dll
0x000007feef480000 - 0x000007feef484000 	C:\Windows\system32\api-ms-win-crt-string-l1-1-0.dll
0x000007feef470000 - 0x000007feef473000 	C:\Windows\system32\api-ms-win-crt-heap-l1-1-0.dll
0x000007feef460000 - 0x000007feef464000 	C:\Windows\system32\api-ms-win-crt-stdio-l1-1-0.dll
0x000007feef450000 - 0x000007feef454000 	C:\Windows\system32\api-ms-win-crt-convert-l1-1-0.dll
0x000007feef3b0000 - 0x000007feef44c000 	C:\Windows\system32\MSVCP140.dll
0x000007feef3a0000 - 0x000007feef3a3000 	C:\Windows\system32\api-ms-win-crt-locale-l1-1-0.dll
0x000007feef390000 - 0x000007feef395000 	C:\Windows\system32\api-ms-win-crt-math-l1-1-0.dll
0x000007feef380000 - 0x000007feef385000 	C:\Windows\system32\api-ms-win-crt-multibyte-l1-1-0.dll
0x000007feef370000 - 0x000007feef373000 	C:\Windows\system32\api-ms-win-crt-time-l1-1-0.dll
0x000007feef360000 - 0x000007feef363000 	C:\Windows\system32\api-ms-win-crt-filesystem-l1-1-0.dll
0x000007feef350000 - 0x000007feef353000 	C:\Windows\system32\api-ms-win-crt-environment-l1-1-0.dll
0x000007feef340000 - 0x000007feef343000 	C:\Windows\system32\api-ms-win-crt-utility-l1-1-0.dll
0x000007fef5fa0000 - 0x000007fef62be000 	C:\Windows\system32\msi.dll
0x000007feec7b0000 - 0x000007feed037000 	C:\Program Files (x86)\Microsoft Office\root\VFS\ProgramFilesX64\Microsoft Office\Office16\1053\GrooveIntlResource.dll
0x000007feee340000 - 0x000007feee40e000 	C:\Program Files (x86)\Dell Backup and Recovery\Components\Shell\DBROverlayIconBackuped.dll
0x0000000072100000 - 0x0000000072610000 	C:\Program Files (x86)\Dell Backup and Recovery\Components\Shell\Qt5Core.dll
0x0000000072750000 - 0x00000000727e8000 	C:\Program Files (x86)\Dell Backup and Recovery\Components\Shell\MSVCP100.dll
0x000007fef36f0000 - 0x000007fef3815000 	C:\Windows\system32\dbghelp.dll

VM Arguments:
jvm_args: -Dfile.encoding=Cp1252 
java_command: Hospital.MainApp
java_class_path (initial): C:\Users\Niclas Hammar\workspace\HospitalManagement\bin
Launcher Type: SUN_STANDARD

Environment Variables:
PATH=C:/Program Files/Java/jre1.8.0_102/bin/server;C:/Program Files/Java/jre1.8.0_102/bin;C:/Program Files/Java/jre1.8.0_102/lib/amd64;C:\ProgramData\Oracle\Java\javapath;C:\Program Files (x86)\Intel\iCLS Client\;C:\Program Files\Intel\iCLS Client\;C:\Windows\system32;C:\Windows;C:\Windows\System32\Wbem;C:\Windows\System32\WindowsPowerShell\v1.0\;C:\Program Files\Intel\Intel(R) Management Engine Components\DAL;C:\Program Files (x86)\Intel\Intel(R) Management Engine Components\DAL;C:\Program Files\Intel\Intel(R) Management Engine Components\IPT;C:\Program Files (x86)\Intel\Intel(R) Management Engine Components\IPT;C:\Program Files\Intel\WiFi\bin\;C:\Program Files\Common Files\Intel\WirelessCommon\;C:\Program Files\Git\cmd;C:\Program Files (x86)\Skype\Phone\;C:\Windows\system32\config\systemprofile\.dnx\bin;C:\Program Files\Microsoft DNX\Dnvm\;C:\Program Files\Microsoft SQL Server\130\Tools\Binn\;C:\Program Files\MySQL\MySQL Utilities 1.6\;C:\Users\Niclas Hammar\Desktop;
USERNAME=Niclas Hammar
OS=Windows_NT
PROCESSOR_IDENTIFIER=Intel64 Family 6 Model 61 Stepping 4, GenuineIntel



---------------  S Y S T E M  ---------------

OS: Windows 7 , 64 bit Build 7601 (6.1.7601.23889)

CPU:total 4 (2 cores per cpu, 2 threads per core) family 6 model 61 stepping 4, cmov, cx8, fxsr, mmx, sse, sse2, sse3, ssse3, sse4.1, sse4.2, popcnt, avx, avx2, aes, clmul, erms, 3dnowpref, lzcnt, ht, tsc, tscinvbit, bmi1, bmi2, adx

Memory: 4k page, physical 8297192k(2573004k free), swap 16592524k(9724824k free)

vm_info: Java HotSpot(TM) 64-Bit Server VM (25.102-b14) for windows-amd64 JRE (1.8.0_102-b14), built on Jun 22 2016 13:15:21 by "java_re" with MS VC++ 10.0 (VS2010)

time: Thu Oct 05 11:43:02 2017
elapsed time: 2 seconds (0d 0h 0m 2s)

